<?xml version="1.0" encoding="UTF-8"?>
<testsuite xmlns:xsi="http://www.w3.org/2001/XMLSchema-instance" xsi:noNamespaceSchemaLocation="https://maven.apache.org/surefire/maven-surefire-plugin/xsd/surefire-test-report-3.0.xsd" version="3.0" name="com.bank.mortgage.controller.ApplicationControllerIntegrationTest$CreateApplicationTests" time="1.43" tests="2" errors="0" skipped="0" failures="0">
  <properties>
[...]
</properties>
  <testcase name="createApplicationShouldWork" classname="com.bank.mortgage.controller.ApplicationControllerIntegrationTest$CreateApplicationTests" time="1.1">
    <system-out><![CDATA[[2026-05-29 16:10:26] [main] DEBUG o.s.b.t.c.SpringBootTestContextBootstrapper - Neither @ContextConfiguration nor @ContextHierarchy found for test class [CreateApplicationTests]: using SpringBootContextLoader
[2026-05-29 16:10:26] [main] DEBUG o.s.t.c.s.AbstractContextLoader - Could not detect default resource locations for test class [com.bank.mortgage.controller.ApplicationControllerIntegrationTest$CreateApplicationTests]: no resource found for suffixes {-context.xml, Context.groovy}.
[2026-05-29 16:10:26] [main] INFO  o.s.t.c.s.AnnotationConfigContextLoaderUtils - Could not detect default configuration classes for test class [com.bank.mortgage.controller.ApplicationControllerIntegrationTest$CreateApplicationTests]: CreateApplicationTests does not declare any static, non-private, non-final, nested classes annotated with @Configuration.
[2026-05-29 16:10:26] [main] DEBUG o.s.b.t.c.SpringBootTestContextBootstrapper - Using ContextCustomizerFactory implementations for test class [CreateApplicationTests]: [ImportsContextCustomizerFactory, ExcludeFilterContextCustomizerFactory, HttpGraphQlTesterContextCustomizerFactory, DuplicateJsonObjectContextCustomizerFactory, MockitoContextCustomizerFactory, TestRestTemplateContextCustomizerFactory, WebTestClientContextCustomizerFactory, DisableReactorResourceFactoryGlobalResourcesContextCustomizerFactory, OnFailureConditionReportContextCustomizerFactory, OverrideAutoConfigurationContextCustomizerFactory, ObservabilityContextCustomizerFactory, TypeExcludeFiltersContextCustomizerFactory, PropertyMappingContextCustomizerFactory, WebDriverContextCustomizerFactory, MockServerContainerContextCustomizerFactory, DynamicPropertiesContextCustomizerFactory]
[2026-05-29 16:10:26] [main] DEBUG o.s.b.t.c.SpringBootTestContextBootstrapper - Using ContextCustomizers for test class [CreateApplicationTests]: [ImportsContextCustomizer, ExcludeFilterContextCustomizer, DuplicateJsonObjectContextCustomizer, MockitoContextCustomizer, TestRestTemplateContextCustomizer, DisableReactorResourceFactoryGlobalResourcesContextCustomizerCustomizer, OnFailureConditionReportContextCustomizer, DisableObservabilityContextCustomizer, PropertyMappingContextCustomizer, WebDriverContextCustomizer]
[2026-05-29 16:10:26] [main] INFO  o.s.b.t.c.SpringBootTestContextBootstrapper - Found @SpringBootConfiguration com.bank.mortgage.MortgageApplication for test class com.bank.mortgage.controller.ApplicationControllerIntegrationTest$CreateApplicationTests
[2026-05-29 16:10:26] [main] DEBUG o.s.t.c.u.TestContextSpringFactoriesUtils - Skipping candidate TestExecutionListener [org.springframework.test.context.observation.MicrometerObservationRegistryTestExecutionListener] due to a missing dependency. Specify custom TestExecutionListener classes or make the default TestExecutionListener classes and their required dependencies available. Offending class: io.micrometer.context.ThreadLocalAccessor. MicrometerObservationRegistryTestExecutionListener requires io.micrometer:micrometer-observation:1.10.8 or higher and io.micrometer:context-propagation:1.0.3 or higher.
[2026-05-29 16:10:26] [main] DEBUG o.s.b.t.c.SpringBootTestContextBootstrapper - Using TestExecutionListeners for test class [CreateApplicationTests]: [ServletTestExecutionListener, DirtiesContextBeforeModesTestExecutionListener, ApplicationEventsTestExecutionListener, MockitoTestExecutionListener, DependencyInjectionTestExecutionListener, DirtiesContextTestExecutionListener, TransactionalTestExecutionListener, SqlScriptsTestExecutionListener, EventPublishingTestExecutionListener, WithSecurityContextTestExecutionListener, ReactorContextTestExecutionListener, ResetMocksTestExecutionListener, RestDocsTestExecutionListener, MockRestServiceServerResetTestExecutionListener, MockMvcPrintOnlyOnFailureTestExecutionListener, WebDriverTestExecutionListener, MockWebServiceServerTestExecutionListener]
[2026-05-29 16:10:26] [main] DEBUG o.s.t.c.s.DirtiesContextBeforeModesTestExecutionListener - Before test class: class [CreateApplicationTests], class annotated with @DirtiesContext [false] with mode [null]
[2026-05-29 16:10:26] [main] DEBUG o.springframework.test.context.cache - Spring test ApplicationContext cache statistics: [DefaultContextCache@2ff70947 size = 1, maxSize = 32, parentContextCount = 0, hitCount = 17, missCount = 1, failureCount = 0]
[2026-05-29 16:10:26] [main] DEBUG o.s.t.c.s.DependencyInjectionTestExecutionListener - Performing dependency injection for test class com.bank.mortgage.controller.ApplicationControllerIntegrationTest
[2026-05-29 16:10:26] [main] DEBUG o.springframework.test.context.cache - Spring test ApplicationContext cache statistics: [DefaultContextCache@2ff70947 size = 1, maxSize = 32, parentContextCount = 0, hitCount = 18, missCount = 1, failureCount = 0]
[2026-05-29 16:10:26] [main] DEBUG o.springframework.test.context.cache - Spring test ApplicationContext cache statistics: [DefaultContextCache@2ff70947 size = 1, maxSize = 32, parentContextCount = 0, hitCount = 19, missCount = 1, failureCount = 0]
[2026-05-29 16:10:26] [main] DEBUG o.springframework.test.context.cache - Spring test ApplicationContext cache statistics: [DefaultContextCache@2ff70947 size = 1, maxSize = 32, parentContextCount = 0, hitCount = 20, missCount = 1, failureCount = 0]
[2026-05-29 16:10:26] [main] DEBUG o.s.t.c.w.ServletTestExecutionListener - Setting up MockHttpServletRequest, MockHttpServletResponse, ServletWebRequest, and RequestContextHolder for test class com.bank.mortgage.controller.ApplicationControllerIntegrationTest$CreateApplicationTests
[2026-05-29 16:10:26] [main] DEBUG o.s.t.c.s.DependencyInjectionTestExecutionListener - Performing dependency injection for test class com.bank.mortgage.controller.ApplicationControllerIntegrationTest$CreateApplicationTests
[2026-05-29 16:10:26] [main] DEBUG o.springframework.test.context.cache - Spring test ApplicationContext cache statistics: [DefaultContextCache@2ff70947 size = 1, maxSize = 32, parentContextCount = 0, hitCount = 21, missCount = 1, failureCount = 0]
[2026-05-29 16:10:26] [main] DEBUG o.springframework.test.context.cache - Spring test ApplicationContext cache statistics: [DefaultContextCache@2ff70947 size = 1, maxSize = 32, parentContextCount = 0, hitCount = 22, missCount = 1, failureCount = 0]
[2026-05-29 16:10:26] [main] DEBUG o.s.t.c.s.DirtiesContextBeforeModesTestExecutionListener - Before test method: class [CreateApplicationTests], method [createApplicationShouldWork], class annotated with @DirtiesContext [false] with mode [null], method annotated with @DirtiesContext [false] with mode [null]
[2026-05-29 16:10:26] [main] DEBUG o.springframework.test.context.cache - Spring test ApplicationContext cache statistics: [DefaultContextCache@2ff70947 size = 1, maxSize = 32, parentContextCount = 0, hitCount = 23, missCount = 1, failureCount = 0]
[2026-05-29 16:10:26] [main] DEBUG o.springframework.test.context.cache - Spring test ApplicationContext cache statistics: [DefaultContextCache@2ff70947 size = 1, maxSize = 32, parentContextCount = 0, hitCount = 24, missCount = 1, failureCount = 0]
[2026-05-29 16:10:26] [main] DEBUG o.s.orm.jpa.JpaTransactionManager - Creating new transaction with name [org.springframework.data.jpa.repository.support.SimpleJpaRepository.deleteAll]: PROPAGATION_REQUIRED,ISOLATION_DEFAULT
[2026-05-29 16:10:26] [main] DEBUG o.s.orm.jpa.JpaTransactionManager - Opened new EntityManager [SessionImpl(1604889067<open>)] for JPA transaction
[2026-05-29 16:10:26] [main] DEBUG o.h.e.t.internal.TransactionImpl - On TransactionImpl creation, JpaCompliance#isJpaTransactionComplianceEnabled == false
[2026-05-29 16:10:26] [main] DEBUG o.h.e.t.internal.TransactionImpl - begin
[2026-05-29 16:10:26] [main] DEBUG o.s.orm.jpa.JpaTransactionManager - Exposing JPA transaction as JDBC [org.springframework.orm.jpa.vendor.HibernateJpaDialect$HibernateConnectionHandle@169f0825]
[2026-05-29 16:10:26] [main] DEBUG org.hibernate.orm.sql.ast.create - Created new SQL alias : a1_0
[2026-05-29 16:10:26] [main] DEBUG org.hibernate.orm.sql.ast.create - Registration of TableGroup [StandardTableGroup(com.bank.mortgage.domain.Application(17))] with identifierForTableGroup [com.bank.mortgage.domain.Application] for NavigablePath [com.bank.mortgage.domain.Application] 
[2026-05-29 16:10:26] [main] DEBUG org.hibernate.orm.sql.ast.create - Registration of TableGroup [org.hibernate.sql.ast.tree.from.LazyTableGroup@4fdb2194] with identifierForTableGroup [com.bank.mortgage.domain.Application.applicant] for NavigablePath [com.bank.mortgage.domain.Application.applicant] 
[2026-05-29 16:10:26] [main] DEBUG org.hibernate.orm.results.graph.AST - DomainResult Graph:
 \-EntityResultImpl [com.bank.mortgage.domain.Application(17)]
 |  +-EntityDelayedFetchImpl [com.bank.mortgage.domain.Application(17).applicant]
 |  +-BasicFetch [com.bank.mortgage.domain.Application(17).createdAt]
 |  +-BasicFetch [com.bank.mortgage.domain.Application(17).income]
 |  +-BasicFetch [com.bank.mortgage.domain.Application(17).loanAmount]
 |  +-BasicFetch [com.bank.mortgage.domain.Application(17).nationalId]
 |  +-BasicFetch [com.bank.mortgage.domain.Application(17).status]
 |  +-BasicFetch [com.bank.mortgage.domain.Application(17).tenureMonths]
 |  +-BasicFetch [com.bank.mortgage.domain.Application(17).updatedAt]
 |  \-BasicFetch [com.bank.mortgage.domain.Application(17).version]

[2026-05-29 16:10:26] [main] DEBUG org.hibernate.orm.sql.ast.tree - SQL AST Tree:
    SelectStatement {
      FromClause {
        StandardTableGroup (a1 : com.bank.mortgage.domain.Application(17)) {
          primaryTableReference : applications as a1_0
          TableGroupJoins {
            left  join LazyTableGroup (a2 : com.bank.mortgage.domain.Application(17).applicant) {
            }
          }
        }
      }
    }

[2026-05-29 16:10:26] [main] DEBUG org.hibernate.orm.sql.exec - Skipping reading Query result cache data: cache-enabled = false, cache-mode = NORMAL
[2026-05-29 16:10:26] [main] DEBUG org.hibernate.orm.results - Initializer list:
	  com.bank.mortgage.domain.Application(17).applicant -> EntityDelayedFetchInitializer(com.bank.mortgage.domain.Application(17).applicant)@14410680 (ToOneAttributeMapping(NavigableRole[com.bank.mortgage.domain.Application.applicant])@299441970)
	  com.bank.mortgage.domain.Application(17) -> EntityResultInitializer(com.bank.mortgage.domain.Application(17))@1027844337 (SingleTableEntityPersister(com.bank.mortgage.domain.Application))

[2026-05-29 16:10:26] [main] DEBUG org.hibernate.SQL - 
    select
        a1_0.id,
        a1_0.applicant_id,
        a1_0.created_at,
        a1_0.income,
        a1_0.loan_amount,
        a1_0.national_id,
        a1_0.status,
        a1_0.tenure_months,
        a1_0.updated_at,
        a1_0.version 
    from
        applications a1_0
Hibernate: 
    select
        a1_0.id,
        a1_0.applicant_id,
        a1_0.created_at,
        a1_0.income,
        a1_0.loan_amount,
        a1_0.national_id,
        a1_0.status,
        a1_0.tenure_months,
        a1_0.updated_at,
        a1_0.version 
    from
        applications a1_0
[2026-05-29 16:10:26] [main] DEBUG o.s.orm.jpa.JpaTransactionManager - Initiating transaction commit
[2026-05-29 16:10:26] [main] DEBUG o.s.orm.jpa.JpaTransactionManager - Committing JPA transaction on EntityManager [SessionImpl(1604889067<open>)]
[2026-05-29 16:10:26] [main] DEBUG o.h.e.t.internal.TransactionImpl - committing
[2026-05-29 16:10:26] [main] DEBUG o.s.orm.jpa.JpaTransactionManager - Closing JPA EntityManager [SessionImpl(1604889067<open>)] after transaction
[2026-05-29 16:10:26] [main] DEBUG o.s.orm.jpa.JpaTransactionManager - Creating new transaction with name [org.springframework.data.jpa.repository.support.SimpleJpaRepository.deleteAll]: PROPAGATION_REQUIRED,ISOLATION_DEFAULT
[2026-05-29 16:10:26] [main] DEBUG o.s.orm.jpa.JpaTransactionManager - Opened new EntityManager [SessionImpl(546810339<open>)] for JPA transaction
[2026-05-29 16:10:26] [main] DEBUG o.h.e.t.internal.TransactionImpl - On TransactionImpl creation, JpaCompliance#isJpaTransactionComplianceEnabled == false
[2026-05-29 16:10:26] [main] DEBUG o.h.e.t.internal.TransactionImpl - begin
[2026-05-29 16:10:26] [main] DEBUG o.s.orm.jpa.JpaTransactionManager - Exposing JPA transaction as JDBC [org.springframework.orm.jpa.vendor.HibernateJpaDialect$HibernateConnectionHandle@b39920]
[2026-05-29 16:10:26] [main] DEBUG org.hibernate.orm.sql.ast.create - Created new SQL alias : u1_0
[2026-05-29 16:10:26] [main] DEBUG org.hibernate.orm.sql.ast.create - Registration of TableGroup [StandardTableGroup(com.bank.mortgage.domain.User(18))] with identifierForTableGroup [com.bank.mortgage.domain.User] for NavigablePath [com.bank.mortgage.domain.User] 
[2026-05-29 16:10:26] [main] DEBUG org.hibernate.orm.results.graph.AST - DomainResult Graph:
 \-EntityResultImpl [com.bank.mortgage.domain.User(18)]
 |  +-BasicFetch [com.bank.mortgage.domain.User(18).createdAt]
 |  +-BasicFetch [com.bank.mortgage.domain.User(18).email]
 |  +-BasicFetch [com.bank.mortgage.domain.User(18).fullName]
 |  +-BasicFetch [com.bank.mortgage.domain.User(18).nationalId]
 |  +-BasicFetch [com.bank.mortgage.domain.User(18).password]
 |  \-BasicFetch [com.bank.mortgage.domain.User(18).role]

[2026-05-29 16:10:26] [main] DEBUG org.hibernate.orm.sql.ast.tree - SQL AST Tree:
    SelectStatement {
      FromClause {
        StandardTableGroup (u1 : com.bank.mortgage.domain.User(18)) {
          primaryTableReference : users as u1_0
        }
      }
    }

[2026-05-29 16:10:26] [main] DEBUG org.hibernate.orm.sql.exec - Skipping reading Query result cache data: cache-enabled = false, cache-mode = NORMAL
[2026-05-29 16:10:26] [main] DEBUG org.hibernate.orm.results - Initializer list:
	  com.bank.mortgage.domain.User(18) -> EntityResultInitializer(com.bank.mortgage.domain.User(18))@1299266797 (SingleTableEntityPersister(com.bank.mortgage.domain.User))

[2026-05-29 16:10:26] [main] DEBUG org.hibernate.SQL - 
    select
        u1_0.id,
        u1_0.created_at,
        u1_0.email,
        u1_0.full_name,
        u1_0.national_id,
        u1_0.password,
        u1_0.role 
    from
        users u1_0
Hibernate: 
    select
        u1_0.id,
        u1_0.created_at,
        u1_0.email,
        u1_0.full_name,
        u1_0.national_id,
        u1_0.password,
        u1_0.role 
    from
        users u1_0
[2026-05-29 16:10:26] [main] DEBUG org.hibernate.orm.results - Extracted JDBC value [0] - [7c9f5c81-fd5b-4bf7-92dc-cac4428bbcee]
[2026-05-29 16:10:26] [main] DEBUG o.h.orm.results.loading.entity - (EntityResultInitializer) Hydrated EntityKey (com.bank.mortgage.domain.User(18)): 7c9f5c81-fd5b-4bf7-92dc-cac4428bbcee
[2026-05-29 16:10:26] [main] DEBUG o.h.orm.results.loading.entity - (EntityResultInitializer) Created new entity instance [com.bank.mortgage.domain.User(18)#7c9f5c81-fd5b-4bf7-92dc-cac4428bbcee] : 295666926
[2026-05-29 16:10:26] [main] DEBUG org.hibernate.orm.results - Extracted JDBC value [1] - [2026-05-29T13:10:25.800557Z]
[2026-05-29 16:10:26] [main] DEBUG org.hibernate.orm.results - Extracted JDBC value [2] - [applicant@test.com]
[2026-05-29 16:10:26] [main] DEBUG org.hibernate.orm.results - Extracted JDBC value [3] - [Test Applicant]
[2026-05-29 16:10:26] [main] DEBUG org.hibernate.orm.results - Extracted JDBC value [4] - [null]
[2026-05-29 16:10:26] [main] DEBUG org.hibernate.orm.results - Extracted JDBC value [5] - [$2a$10$lq.Napi37hzbTNxXal5jPu11A6abCZu43fv2ZUC2E2hrRwaXw.DYG]
[2026-05-29 16:10:26] [main] DEBUG org.hibernate.orm.results - Extracted JDBC value [6] - [APPLICANT]
[2026-05-29 16:10:26] [main] DEBUG o.h.orm.results.loading.entity - (EntityResultInitializer) Done materializing entityInstance : com.bank.mortgage.domain.User(18)#7c9f5c81-fd5b-4bf7-92dc-cac4428bbcee
[2026-05-29 16:10:26] [main] DEBUG org.hibernate.orm.results.loading - Calling top-level assembler (0 / 1) : org.hibernate.sql.results.graph.entity.internal.EntityAssembler@54436f09
[2026-05-29 16:10:26] [main] DEBUG org.hibernate.orm.results - Extracted JDBC value [0] - [24a502c8-9c65-428f-9606-c21041fc4314]
[2026-05-29 16:10:26] [main] DEBUG o.h.orm.results.loading.entity - (EntityResultInitializer) Hydrated EntityKey (com.bank.mortgage.domain.User(18)): 24a502c8-9c65-428f-9606-c21041fc4314
[2026-05-29 16:10:26] [main] DEBUG o.h.orm.results.loading.entity - (EntityResultInitializer) Created new entity instance [com.bank.mortgage.domain.User(18)#24a502c8-9c65-428f-9606-c21041fc4314] : 1981490353
[2026-05-29 16:10:26] [main] DEBUG org.hibernate.orm.results - Extracted JDBC value [1] - [2026-05-29T13:10:25.909721Z]
[2026-05-29 16:10:26] [main] DEBUG org.hibernate.orm.results - Extracted JDBC value [2] - [officer@test.com]
[2026-05-29 16:10:26] [main] DEBUG org.hibernate.orm.results - Extracted JDBC value [3] - [Test Officer]
[2026-05-29 16:10:26] [main] DEBUG org.hibernate.orm.results - Extracted JDBC value [4] - [null]
[2026-05-29 16:10:26] [main] DEBUG org.hibernate.orm.results - Extracted JDBC value [5] - [$2a$10$.TEPHbLdtMtmYn10hJEZxuqSLTri6QHP806KbPxNQXIcT6GzlTWBm]
[2026-05-29 16:10:26] [main] DEBUG org.hibernate.orm.results - Extracted JDBC value [6] - [CREDIT_OFFICER]
[2026-05-29 16:10:26] [main] DEBUG o.h.orm.results.loading.entity - (EntityResultInitializer) Done materializing entityInstance : com.bank.mortgage.domain.User(18)#24a502c8-9c65-428f-9606-c21041fc4314
[2026-05-29 16:10:26] [main] DEBUG org.hibernate.orm.results.loading - Calling top-level assembler (0 / 1) : org.hibernate.sql.results.graph.entity.internal.EntityAssembler@54436f09
[2026-05-29 16:10:26] [main] DEBUG o.h.j.i.PersistenceUnitUtilImpl - jakarta.persistence.PersistenceUnitUtil.getIdentifier is only intended to work with enhanced entities (although Hibernate also adapts this support to its proxies); however the passed entity was not enhanced (nor a proxy).. may not be able to read identifier
[2026-05-29 16:10:26] [main] DEBUG o.h.j.i.PersistenceUnitUtilImpl - jakarta.persistence.PersistenceUnitUtil.getIdentifier is only intended to work with enhanced entities (although Hibernate also adapts this support to its proxies); however the passed entity was not enhanced (nor a proxy).. may not be able to read identifier
[2026-05-29 16:10:26] [main] DEBUG o.s.orm.jpa.JpaTransactionManager - Initiating transaction commit
[2026-05-29 16:10:26] [main] DEBUG o.s.orm.jpa.JpaTransactionManager - Committing JPA transaction on EntityManager [SessionImpl(546810339<open>)]
[2026-05-29 16:10:26] [main] DEBUG o.h.e.t.internal.TransactionImpl - committing
[2026-05-29 16:10:26] [main] DEBUG o.h.e.i.AbstractFlushingEventListener - Processing flush-time cascades
[2026-05-29 16:10:26] [main] DEBUG o.h.e.i.AbstractFlushingEventListener - Dirty checking collections
[2026-05-29 16:10:26] [main] DEBUG o.h.e.i.AbstractFlushingEventListener - Flushed: 0 insertions, 0 updates, 2 deletions to 2 objects
[2026-05-29 16:10:26] [main] DEBUG o.h.e.i.AbstractFlushingEventListener - Flushed: 0 (re)creations, 0 updates, 0 removals to 0 collections
[2026-05-29 16:10:26] [main] DEBUG o.h.internal.util.EntityPrinter - Listing entities:
[2026-05-29 16:10:26] [main] DEBUG o.h.internal.util.EntityPrinter - com.bank.mortgage.domain.User{createdAt=2026-05-29T13:10:25.800557Z, password=$2a$10$lq.Napi37hzbTNxXal5jPu11A6abCZu43fv2ZUC2E2hrRwaXw.DYG, role=APPLICANT, nationalId=null, fullName=Test Applicant, id=7c9f5c81-fd5b-4bf7-92dc-cac4428bbcee, email=applicant@test.com}
[2026-05-29 16:10:26] [main] DEBUG o.h.internal.util.EntityPrinter - com.bank.mortgage.domain.User{createdAt=2026-05-29T13:10:25.909721Z, password=$2a$10$.TEPHbLdtMtmYn10hJEZxuqSLTri6QHP806KbPxNQXIcT6GzlTWBm, role=CREDIT_OFFICER, nationalId=null, fullName=Test Officer, id=24a502c8-9c65-428f-9606-c21041fc4314, email=officer@test.com}
[2026-05-29 16:10:26] [main] DEBUG org.hibernate.SQL - 
    delete 
    from
        users 
    where
        id=?
Hibernate: 
    delete 
    from
        users 
    where
        id=?
[2026-05-29 16:10:26] [main] DEBUG org.hibernate.SQL - 
    delete 
    from
        users 
    where
        id=?
Hibernate: 
    delete 
    from
        users 
    where
        id=?
[2026-05-29 16:10:26] [main] DEBUG org.hibernate.orm.jdbc.batch - PreparedStatementDetails did not contain PreparedStatement on #releaseStatements : delete from users where id=?
[2026-05-29 16:10:26] [main] DEBUG org.hibernate.orm.jdbc.batch - PreparedStatementDetails did not contain PreparedStatement on #releaseStatements : delete from users where id=?
[2026-05-29 16:10:26] [main] DEBUG o.s.orm.jpa.JpaTransactionManager - Closing JPA EntityManager [SessionImpl(546810339<open>)] after transaction
[2026-05-29 16:10:26] [main] DEBUG o.h.e.j.internal.JdbcCoordinatorImpl - HHH000420: Closing un-released batch
[2026-05-29 16:10:26] [main] DEBUG org.hibernate.orm.jdbc.batch - PreparedStatementDetails did not contain PreparedStatement on #releaseStatements : delete from users where id=?
[2026-05-29 16:10:26] [main] DEBUG org.hibernate.orm.jdbc.batch - PreparedStatementDetails did not contain PreparedStatement on #releaseStatements : delete from users where id=?
[2026-05-29 16:10:26] [main] DEBUG org.hibernate.orm.jdbc.batch - PreparedStatementDetails did not contain PreparedStatement on #releaseStatements : delete from users where id=?
[2026-05-29 16:10:27] [main] DEBUG o.s.orm.jpa.JpaTransactionManager - Creating new transaction with name [org.springframework.data.jpa.repository.support.SimpleJpaRepository.save]: PROPAGATION_REQUIRED,ISOLATION_DEFAULT
[2026-05-29 16:10:27] [main] DEBUG o.s.orm.jpa.JpaTransactionManager - Opened new EntityManager [SessionImpl(660892595<open>)] for JPA transaction
[2026-05-29 16:10:27] [main] DEBUG o.h.e.t.internal.TransactionImpl - On TransactionImpl creation, JpaCompliance#isJpaTransactionComplianceEnabled == false
[2026-05-29 16:10:27] [main] DEBUG o.h.e.t.internal.TransactionImpl - begin
[2026-05-29 16:10:27] [main] DEBUG o.s.orm.jpa.JpaTransactionManager - Exposing JPA transaction as JDBC [org.springframework.orm.jpa.vendor.HibernateJpaDialect$HibernateConnectionHandle@68dae5c4]
[2026-05-29 16:10:27] [main] DEBUG o.h.j.i.PersistenceUnitUtilImpl - jakarta.persistence.PersistenceUnitUtil.getIdentifier is only intended to work with enhanced entities (although Hibernate also adapts this support to its proxies); however the passed entity was not enhanced (nor a proxy).. may not be able to read identifier
[2026-05-29 16:10:27] [main] DEBUG org.hibernate.orm.sql.exec - Skipping reading Query result cache data: cache-enabled = false, cache-mode = IGNORE
[2026-05-29 16:10:27] [main] DEBUG org.hibernate.orm.results - Initializer list:
	  com.bank.mortgage.domain.User -> EntityResultInitializer(com.bank.mortgage.domain.User)@2055616959 (SingleTableEntityPersister(com.bank.mortgage.domain.User))

[2026-05-29 16:10:27] [main] DEBUG org.hibernate.SQL - 
    select
        u1_0.id,
        u1_0.created_at,
        u1_0.email,
        u1_0.full_name,
        u1_0.national_id,
        u1_0.password,
        u1_0.role 
    from
        users u1_0 
    where
        u1_0.id=?
Hibernate: 
    select
        u1_0.id,
        u1_0.created_at,
        u1_0.email,
        u1_0.full_name,
        u1_0.national_id,
        u1_0.password,
        u1_0.role 
    from
        users u1_0 
    where
        u1_0.id=?
[2026-05-29 16:10:27] [main] DEBUG o.s.orm.jpa.JpaTransactionManager - Initiating transaction commit
[2026-05-29 16:10:27] [main] DEBUG o.s.orm.jpa.JpaTransactionManager - Committing JPA transaction on EntityManager [SessionImpl(660892595<open>)]
[2026-05-29 16:10:27] [main] DEBUG o.h.e.t.internal.TransactionImpl - committing
[2026-05-29 16:10:27] [main] DEBUG o.h.e.i.AbstractFlushingEventListener - Processing flush-time cascades
[2026-05-29 16:10:27] [main] DEBUG o.h.e.i.AbstractFlushingEventListener - Dirty checking collections
[2026-05-29 16:10:27] [main] DEBUG o.h.e.i.AbstractFlushingEventListener - Flushed: 1 insertions, 0 updates, 0 deletions to 1 objects
[2026-05-29 16:10:27] [main] DEBUG o.h.e.i.AbstractFlushingEventListener - Flushed: 0 (re)creations, 0 updates, 0 removals to 0 collections
[2026-05-29 16:10:27] [main] DEBUG o.h.internal.util.EntityPrinter - Listing entities:
[2026-05-29 16:10:27] [main] DEBUG o.h.internal.util.EntityPrinter - com.bank.mortgage.domain.User{createdAt=2026-05-29T13:10:26.901375658Z, password=$2a$10$7cYefRBBj3k0L5yuyvcvtOneRyl7XsOJ6PnirxejZCSO1.1G.5yiC, role=APPLICANT, nationalId=null, fullName=Test Applicant, id=18b85161-2efd-478f-8b0a-1844eb2e14ae, email=applicant@test.com}
[2026-05-29 16:10:27] [main] DEBUG org.hibernate.SQL - 
    insert 
    into
        users
        (created_at, email, full_name, national_id, password, role, id) 
    values
        (?, ?, ?, ?, ?, ?, ?)
Hibernate: 
    insert 
    into
        users
        (created_at, email, full_name, national_id, password, role, id) 
    values
        (?, ?, ?, ?, ?, ?, ?)
[2026-05-29 16:10:27] [main] DEBUG org.hibernate.orm.jdbc.batch - PreparedStatementDetails did not contain PreparedStatement on #releaseStatements : insert into users (created_at,email,full_name,national_id,password,role,id) values (?,?,?,?,?,?,?)
[2026-05-29 16:10:27] [main] DEBUG org.hibernate.orm.jdbc.batch - PreparedStatementDetails did not contain PreparedStatement on #releaseStatements : insert into users (created_at,email,full_name,national_id,password,role,id) values (?,?,?,?,?,?,?)
[2026-05-29 16:10:27] [main] DEBUG o.s.orm.jpa.JpaTransactionManager - Closing JPA EntityManager [SessionImpl(660892595<open>)] after transaction
[2026-05-29 16:10:27] [main] DEBUG o.h.e.j.internal.JdbcCoordinatorImpl - HHH000420: Closing un-released batch
[2026-05-29 16:10:27] [main] DEBUG org.hibernate.orm.jdbc.batch - PreparedStatementDetails did not contain PreparedStatement on #releaseStatements : insert into users (created_at,email,full_name,national_id,password,role,id) values (?,?,?,?,?,?,?)
[2026-05-29 16:10:27] [main] DEBUG org.hibernate.orm.jdbc.batch - PreparedStatementDetails did not contain PreparedStatement on #releaseStatements : insert into users (created_at,email,full_name,national_id,password,role,id) values (?,?,?,?,?,?,?)
[2026-05-29 16:10:27] [main] DEBUG org.hibernate.orm.jdbc.batch - PreparedStatementDetails did not contain PreparedStatement on #releaseStatements : insert into users (created_at,email,full_name,national_id,password,role,id) values (?,?,?,?,?,?,?)
[2026-05-29 16:10:27] [main] DEBUG o.s.orm.jpa.JpaTransactionManager - Creating new transaction with name [org.springframework.data.jpa.repository.support.SimpleJpaRepository.save]: PROPAGATION_REQUIRED,ISOLATION_DEFAULT
[2026-05-29 16:10:27] [main] DEBUG o.s.orm.jpa.JpaTransactionManager - Opened new EntityManager [SessionImpl(1897116506<open>)] for JPA transaction
[2026-05-29 16:10:27] [main] DEBUG o.h.e.t.internal.TransactionImpl - On TransactionImpl creation, JpaCompliance#isJpaTransactionComplianceEnabled == false
[2026-05-29 16:10:27] [main] DEBUG o.h.e.t.internal.TransactionImpl - begin
[2026-05-29 16:10:27] [main] DEBUG o.s.orm.jpa.JpaTransactionManager - Exposing JPA transaction as JDBC [org.springframework.orm.jpa.vendor.HibernateJpaDialect$HibernateConnectionHandle@5ce45629]
[2026-05-29 16:10:27] [main] DEBUG o.h.j.i.PersistenceUnitUtilImpl - jakarta.persistence.PersistenceUnitUtil.getIdentifier is only intended to work with enhanced entities (although Hibernate also adapts this support to its proxies); however the passed entity was not enhanced (nor a proxy).. may not be able to read identifier
[2026-05-29 16:10:27] [main] DEBUG org.hibernate.orm.sql.exec - Skipping reading Query result cache data: cache-enabled = false, cache-mode = IGNORE
[2026-05-29 16:10:27] [main] DEBUG org.hibernate.orm.results - Initializer list:
	  com.bank.mortgage.domain.User -> EntityResultInitializer(com.bank.mortgage.domain.User)@1498007545 (SingleTableEntityPersister(com.bank.mortgage.domain.User))

[2026-05-29 16:10:27] [main] DEBUG org.hibernate.SQL - 
    select
        u1_0.id,
        u1_0.created_at,
        u1_0.email,
        u1_0.full_name,
        u1_0.national_id,
        u1_0.password,
        u1_0.role 
    from
        users u1_0 
    where
        u1_0.id=?
Hibernate: 
    select
        u1_0.id,
        u1_0.created_at,
        u1_0.email,
        u1_0.full_name,
        u1_0.national_id,
        u1_0.password,
        u1_0.role 
    from
        users u1_0 
    where
        u1_0.id=?
[2026-05-29 16:10:27] [main] DEBUG o.s.orm.jpa.JpaTransactionManager - Initiating transaction commit
[2026-05-29 16:10:27] [main] DEBUG o.s.orm.jpa.JpaTransactionManager - Committing JPA transaction on EntityManager [SessionImpl(1897116506<open>)]
[2026-05-29 16:10:27] [main] DEBUG o.h.e.t.internal.TransactionImpl - committing
[2026-05-29 16:10:27] [main] DEBUG o.h.e.i.AbstractFlushingEventListener - Processing flush-time cascades
[2026-05-29 16:10:27] [main] DEBUG o.h.e.i.AbstractFlushingEventListener - Dirty checking collections
[2026-05-29 16:10:27] [main] DEBUG o.h.e.i.AbstractFlushingEventListener - Flushed: 1 insertions, 0 updates, 0 deletions to 1 objects
[2026-05-29 16:10:27] [main] DEBUG o.h.e.i.AbstractFlushingEventListener - Flushed: 0 (re)creations, 0 updates, 0 removals to 0 collections
[2026-05-29 16:10:27] [main] DEBUG o.h.internal.util.EntityPrinter - Listing entities:
[2026-05-29 16:10:27] [main] DEBUG o.h.internal.util.EntityPrinter - com.bank.mortgage.domain.User{createdAt=2026-05-29T13:10:27.010416205Z, password=$2a$10$qKAs8Ntm8PnHVhbURvr7fe9IFhpUD2WPSP.yFv/Aw4Yx2UkiyIsE., role=CREDIT_OFFICER, nationalId=null, fullName=Test Officer, id=09fcc9a6-79e8-4b84-aac1-7c20ccfcbc2a, email=officer@test.com}
[2026-05-29 16:10:27] [main] DEBUG org.hibernate.SQL - 
    insert 
    into
        users
        (created_at, email, full_name, national_id, password, role, id) 
    values
        (?, ?, ?, ?, ?, ?, ?)
Hibernate: 
    insert 
    into
        users
        (created_at, email, full_name, national_id, password, role, id) 
    values
        (?, ?, ?, ?, ?, ?, ?)
[2026-05-29 16:10:27] [main] DEBUG org.hibernate.orm.jdbc.batch - PreparedStatementDetails did not contain PreparedStatement on #releaseStatements : insert into users (created_at,email,full_name,national_id,password,role,id) values (?,?,?,?,?,?,?)
[2026-05-29 16:10:27] [main] DEBUG org.hibernate.orm.jdbc.batch - PreparedStatementDetails did not contain PreparedStatement on #releaseStatements : insert into users (created_at,email,full_name,national_id,password,role,id) values (?,?,?,?,?,?,?)
[2026-05-29 16:10:27] [main] DEBUG o.s.orm.jpa.JpaTransactionManager - Closing JPA EntityManager [SessionImpl(1897116506<open>)] after transaction
[2026-05-29 16:10:27] [main] DEBUG o.h.e.j.internal.JdbcCoordinatorImpl - HHH000420: Closing un-released batch
[2026-05-29 16:10:27] [main] DEBUG org.hibernate.orm.jdbc.batch - PreparedStatementDetails did not contain PreparedStatement on #releaseStatements : insert into users (created_at,email,full_name,national_id,password,role,id) values (?,?,?,?,?,?,?)
[2026-05-29 16:10:27] [main] DEBUG org.hibernate.orm.jdbc.batch - PreparedStatementDetails did not contain PreparedStatement on #releaseStatements : insert into users (created_at,email,full_name,national_id,password,role,id) values (?,?,?,?,?,?,?)
[2026-05-29 16:10:27] [main] DEBUG org.hibernate.orm.jdbc.batch - PreparedStatementDetails did not contain PreparedStatement on #releaseStatements : insert into users (created_at,email,full_name,national_id,password,role,id) values (?,?,?,?,?,?,?)
[2026-05-29 16:10:27] [main] DEBUG o.springframework.test.context.cache - Spring test ApplicationContext cache statistics: [DefaultContextCache@2ff70947 size = 1, maxSize = 32, parentContextCount = 0, hitCount = 25, missCount = 1, failureCount = 0]
[2026-05-29 16:10:27] [main] DEBUG o.s.test.util.ReflectionTestUtils - Invoking method 'getFilters' on target object [FilterChainProxy[Filter Chains: null]] or target class [null] with arguments {org.springframework.mock.web.MockHttpServletRequest@7eeb1661}
[2026-05-29 16:10:27] [main] DEBUG o.s.test.util.ReflectionTestUtils - Invoking method 'getFilters' on target object [FilterChainProxy[Filter Chains: null]] or target class [null] with arguments {org.springframework.mock.web.MockHttpServletRequest@7eeb1661}
[2026-05-29 16:10:27] [main] DEBUG o.s.test.util.ReflectionTestUtils - Invoking method 'getFilters' on target object [FilterChainProxy[Filter Chains: null]] or target class [null] with arguments {org.springframework.mock.web.MockHttpServletRequest@7eeb1661}
[2026-05-29 16:10:27] [main] DEBUG o.s.test.util.ReflectionTestUtils - Invoking method 'getFilters' on target object [FilterChainProxy[Filter Chains: null]] or target class [null] with arguments {org.springframework.mock.web.MockHttpServletRequest@7eeb1661}
[2026-05-29 16:10:27] [main] DEBUG o.s.test.util.ReflectionTestUtils - Invoking method 'getFilters' on target object [FilterChainProxy[Filter Chains: null]] or target class [null] with arguments {org.springframework.mock.web.MockHttpServletRequest@7eeb1661}
[2026-05-29 16:10:27] [main] DEBUG o.s.test.util.ReflectionTestUtils - Getting field 'securityContextRepository' from target object [org.springframework.security.web.context.SecurityContextHolderFilter@3aa6a6d8] or target class [class org.springframework.security.web.context.SecurityContextHolderFilter]
[2026-05-29 16:10:27] [main] DEBUG o.s.security.web.FilterChainProxy - Securing POST /api/v1/applications
[2026-05-29 16:10:27] [main] DEBUG o.s.security.web.FilterChainProxy - Secured POST /api/v1/applications
[2026-05-29 16:10:27] [main] DEBUG o.s.t.w.s.TestDispatcherServlet - POST "/api/v1/applications", parameters={masked}
[2026-05-29 16:10:27] [main] DEBUG o.s.w.s.m.m.a.RequestMappingHandlerMapping - Mapped to com.bank.mortgage.controller.ApplicationController#createApplication(ApplicationRequest)
[2026-05-29 16:10:27] [main] DEBUG o.s.o.j.s.OpenEntityManagerInViewInterceptor - Opening JPA EntityManager in OpenEntityManagerInViewInterceptor
[2026-05-29 16:10:27] [main] DEBUG o.s.w.s.m.m.a.RequestResponseBodyMethodProcessor - Read "application/json;charset=UTF-8" to [ApplicationRequest(nationalId=1234567890, loanAmount=100000, tenureMonths=60, income=50000)]
[2026-05-29 16:10:27] [main] DEBUG org.hibernate.orm.sql.ast.create - Created new SQL alias : u1_0
[2026-05-29 16:10:27] [main] DEBUG org.hibernate.orm.sql.ast.create - Registration of TableGroup [StandardTableGroup(com.bank.mortgage.domain.User(2))] with identifierForTableGroup [com.bank.mortgage.domain.User] for NavigablePath [com.bank.mortgage.domain.User] 
[2026-05-29 16:10:27] [main] DEBUG o.h.q.s.sql.BaseSqmToSqlAstConverter - Determining mapping-model type for SqmParameter : org.hibernate.query.sqm.tree.expression.SqmJpaCriteriaParameterWrapper@5b43ff74
[2026-05-29 16:10:27] [main] DEBUG o.h.q.s.sql.BaseSqmToSqlAstConverter - Determining mapping-model type for SqmPath : SqmBasicValuedSimplePath(com.bank.mortgage.domain.User(2).email) 
[2026-05-29 16:10:27] [main] DEBUG org.hibernate.orm.results.graph.AST - DomainResult Graph:
 \-EntityResultImpl [com.bank.mortgage.domain.User(2)]
 |  +-BasicFetch [com.bank.mortgage.domain.User(2).createdAt]
 |  +-BasicFetch [com.bank.mortgage.domain.User(2).email]
 |  +-BasicFetch [com.bank.mortgage.domain.User(2).fullName]
 |  +-BasicFetch [com.bank.mortgage.domain.User(2).nationalId]
 |  +-BasicFetch [com.bank.mortgage.domain.User(2).password]
 |  \-BasicFetch [com.bank.mortgage.domain.User(2).role]

[2026-05-29 16:10:27] [main] DEBUG org.hibernate.orm.sql.ast.tree - SQL AST Tree:
    SelectStatement {
      FromClause {
        StandardTableGroup (u1 : com.bank.mortgage.domain.User(2)) {
          primaryTableReference : users as u1_0
        }
      }
    }

[2026-05-29 16:10:27] [main] DEBUG org.hibernate.orm.sql.exec - Skipping reading Query result cache data: cache-enabled = false, cache-mode = NORMAL
[2026-05-29 16:10:27] [main] DEBUG org.hibernate.orm.results - Initializer list:
	  com.bank.mortgage.domain.User(2) -> EntityResultInitializer(com.bank.mortgage.domain.User(2))@55225749 (SingleTableEntityPersister(com.bank.mortgage.domain.User))

[2026-05-29 16:10:27] [main] DEBUG org.hibernate.SQL - 
    select
        u1_0.id,
        u1_0.created_at,
        u1_0.email,
        u1_0.full_name,
        u1_0.national_id,
        u1_0.password,
        u1_0.role 
    from
        users u1_0 
    where
        u1_0.email=?
Hibernate: 
    select
        u1_0.id,
        u1_0.created_at,
        u1_0.email,
        u1_0.full_name,
        u1_0.national_id,
        u1_0.password,
        u1_0.role 
    from
        users u1_0 
    where
        u1_0.email=?
[2026-05-29 16:10:27] [main] DEBUG org.hibernate.orm.results - Extracted JDBC value [0] - [18b85161-2efd-478f-8b0a-1844eb2e14ae]
[2026-05-29 16:10:27] [main] DEBUG o.h.orm.results.loading.entity - (EntityResultInitializer) Hydrated EntityKey (com.bank.mortgage.domain.User(2)): 18b85161-2efd-478f-8b0a-1844eb2e14ae
[2026-05-29 16:10:27] [main] DEBUG o.h.orm.results.loading.entity - (EntityResultInitializer) Created new entity instance [com.bank.mortgage.domain.User(2)#18b85161-2efd-478f-8b0a-1844eb2e14ae] : 961490434
[2026-05-29 16:10:27] [main] DEBUG org.hibernate.orm.results - Extracted JDBC value [1] - [2026-05-29T13:10:26.901376Z]
[2026-05-29 16:10:27] [main] DEBUG org.hibernate.orm.results - Extracted JDBC value [2] - [applicant@test.com]
[2026-05-29 16:10:27] [main] DEBUG org.hibernate.orm.results - Extracted JDBC value [3] - [Test Applicant]
[2026-05-29 16:10:27] [main] DEBUG org.hibernate.orm.results - Extracted JDBC value [4] - [null]
[2026-05-29 16:10:27] [main] DEBUG org.hibernate.orm.results - Extracted JDBC value [5] - [$2a$10$7cYefRBBj3k0L5yuyvcvtOneRyl7XsOJ6PnirxejZCSO1.1G.5yiC]
[2026-05-29 16:10:27] [main] DEBUG org.hibernate.orm.results - Extracted JDBC value [6] - [APPLICANT]
[2026-05-29 16:10:27] [main] DEBUG o.h.orm.results.loading.entity - (EntityResultInitializer) Done materializing entityInstance : com.bank.mortgage.domain.User(2)#18b85161-2efd-478f-8b0a-1844eb2e14ae
[2026-05-29 16:10:27] [main] DEBUG org.hibernate.orm.results.loading - Calling top-level assembler (0 / 1) : org.hibernate.sql.results.graph.entity.internal.EntityAssembler@6fbf1abb
[2026-05-29 16:10:27] [main] DEBUG o.s.orm.jpa.JpaTransactionManager - Found thread-bound EntityManager [SessionImpl(279792449<open>)] for JPA transaction
[2026-05-29 16:10:27] [main] DEBUG o.s.orm.jpa.JpaTransactionManager - Creating new transaction with name [org.springframework.data.jpa.repository.support.SimpleJpaRepository.save]: PROPAGATION_REQUIRED,ISOLATION_DEFAULT
[2026-05-29 16:10:27] [main] DEBUG o.h.e.t.internal.TransactionImpl - On TransactionImpl creation, JpaCompliance#isJpaTransactionComplianceEnabled == false
[2026-05-29 16:10:27] [main] DEBUG o.h.e.t.internal.TransactionImpl - begin
[2026-05-29 16:10:27] [main] DEBUG o.s.orm.jpa.JpaTransactionManager - Exposing JPA transaction as JDBC [org.springframework.orm.jpa.vendor.HibernateJpaDialect$HibernateConnectionHandle@7b64d3b9]
[2026-05-29 16:10:27] [main] DEBUG o.s.orm.jpa.JpaTransactionManager - Initiating transaction commit
[2026-05-29 16:10:27] [main] DEBUG o.s.orm.jpa.JpaTransactionManager - Committing JPA transaction on EntityManager [SessionImpl(279792449<open>)]
[2026-05-29 16:10:27] [main] DEBUG o.h.e.t.internal.TransactionImpl - committing
[2026-05-29 16:10:27] [main] DEBUG o.h.e.i.AbstractFlushingEventListener - Processing flush-time cascades
[2026-05-29 16:10:27] [main] DEBUG o.h.e.i.AbstractFlushingEventListener - Dirty checking collections
[2026-05-29 16:10:27] [main] DEBUG o.h.e.i.AbstractFlushingEventListener - Flushed: 1 insertions, 0 updates, 0 deletions to 2 objects
[2026-05-29 16:10:27] [main] DEBUG o.h.e.i.AbstractFlushingEventListener - Flushed: 0 (re)creations, 0 updates, 0 removals to 0 collections
[2026-05-29 16:10:27] [main] DEBUG o.h.internal.util.EntityPrinter - Listing entities:
[2026-05-29 16:10:27] [main] DEBUG o.h.internal.util.EntityPrinter - com.bank.mortgage.domain.Application{income=50000, createdAt=2026-05-29T13:10:27.524970174Z, tenureMonths=60, nationalId=1234567890, id=392c08d7-49fa-4ec7-8e18-0752ede315b5, version=0, loanAmount=100000, applicant=com.bank.mortgage.domain.User#18b85161-2efd-478f-8b0a-1844eb2e14ae, status=PENDING, updatedAt=2026-05-29T13:10:27.524973Z}
[2026-05-29 16:10:27] [main] DEBUG o.h.internal.util.EntityPrinter - com.bank.mortgage.domain.User{createdAt=2026-05-29T13:10:26.901376Z, password=$2a$10$7cYefRBBj3k0L5yuyvcvtOneRyl7XsOJ6PnirxejZCSO1.1G.5yiC, role=APPLICANT, nationalId=null, fullName=Test Applicant, id=18b85161-2efd-478f-8b0a-1844eb2e14ae, email=applicant@test.com}
[2026-05-29 16:10:27] [main] DEBUG org.hibernate.SQL - 
    insert 
    into
        applications
        (applicant_id, created_at, income, loan_amount, national_id, status, tenure_months, updated_at, version, id) 
    values
        (?, ?, ?, ?, ?, ?, ?, ?, ?, ?)
Hibernate: 
    insert 
    into
        applications
        (applicant_id, created_at, income, loan_amount, national_id, status, tenure_months, updated_at, version, id) 
    values
        (?, ?, ?, ?, ?, ?, ?, ?, ?, ?)
[2026-05-29 16:10:27] [main] DEBUG org.hibernate.orm.jdbc.batch - PreparedStatementDetails did not contain PreparedStatement on #releaseStatements : insert into applications (applicant_id,created_at,income,loan_amount,national_id,status,tenure_months,updated_at,version,id) values (?,?,?,?,?,?,?,?,?,?)
[2026-05-29 16:10:27] [main] DEBUG org.hibernate.orm.jdbc.batch - PreparedStatementDetails did not contain PreparedStatement on #releaseStatements : insert into applications (applicant_id,created_at,income,loan_amount,national_id,status,tenure_months,updated_at,version,id) values (?,?,?,?,?,?,?,?,?,?)
[2026-05-29 16:10:27] [main] DEBUG o.s.orm.jpa.JpaTransactionManager - Not closing pre-bound JPA EntityManager after transaction
[2026-05-29 16:10:27] [main] DEBUG o.s.w.s.m.m.a.HttpEntityMethodProcessor - Using 'application/json', given [*/*] and supported [application/json, application/*+json]
[2026-05-29 16:10:27] [main] DEBUG o.s.w.s.m.m.a.HttpEntityMethodProcessor - Writing [ApplicationResponse(id=392c08d7-49fa-4ec7-8e18-0752ede315b5, status=PENDING, loanAmount=100000, tenu (truncated)...]
[2026-05-29 16:10:27] [main] DEBUG o.s.o.j.s.OpenEntityManagerInViewInterceptor - Closing JPA EntityManager in OpenEntityManagerInViewInterceptor
[2026-05-29 16:10:27] [main] DEBUG o.h.e.j.internal.JdbcCoordinatorImpl - HHH000420: Closing un-released batch
[2026-05-29 16:10:27] [main] DEBUG org.hibernate.orm.jdbc.batch - PreparedStatementDetails did not contain PreparedStatement on #releaseStatements : insert into applications (applicant_id,created_at,income,loan_amount,national_id,status,tenure_months,updated_at,version,id) values (?,?,?,?,?,?,?,?,?,?)
[2026-05-29 16:10:27] [main] DEBUG org.hibernate.orm.jdbc.batch - PreparedStatementDetails did not contain PreparedStatement on #releaseStatements : insert into applications (applicant_id,created_at,income,loan_amount,national_id,status,tenure_months,updated_at,version,id) values (?,?,?,?,?,?,?,?,?,?)
[2026-05-29 16:10:27] [main] DEBUG org.hibernate.orm.jdbc.batch - PreparedStatementDetails did not contain PreparedStatement on #releaseStatements : insert into applications (applicant_id,created_at,income,loan_amount,national_id,status,tenure_months,updated_at,version,id) values (?,?,?,?,?,?,?,?,?,?)
[2026-05-29 16:10:27] [main] DEBUG o.s.t.w.s.TestDispatcherServlet - Completed 201 CREATED
[2026-05-29 16:10:27] [main] DEBUG c.j.j.internal.path.CompiledPath - Evaluating path: $['status']
[2026-05-29 16:10:27] [main] DEBUG o.springframework.test.context.cache - Spring test ApplicationContext cache statistics: [DefaultContextCache@2ff70947 size = 1, maxSize = 32, parentContextCount = 0, hitCount = 26, missCount = 1, failureCount = 0]
[2026-05-29 16:10:27] [main] DEBUG o.springframework.test.context.cache - Spring test ApplicationContext cache statistics: [DefaultContextCache@2ff70947 size = 1, maxSize = 32, parentContextCount = 0, hitCount = 27, missCount = 1, failureCount = 0]
[2026-05-29 16:10:27] [main] DEBUG o.springframework.test.context.cache - Spring test ApplicationContext cache statistics: [DefaultContextCache@2ff70947 size = 1, maxSize = 32, parentContextCount = 0, hitCount = 28, missCount = 1, failureCount = 0]
[2026-05-29 16:10:27] [main] DEBUG o.springframework.test.context.cache - Spring test ApplicationContext cache statistics: [DefaultContextCache@2ff70947 size = 1, maxSize = 32, parentContextCount = 0, hitCount = 29, missCount = 1, failureCount = 0]
[2026-05-29 16:10:27] [main] DEBUG o.springframework.test.context.cache - Spring test ApplicationContext cache statistics: [DefaultContextCache@2ff70947 size = 1, maxSize = 32, parentContextCount = 0, hitCount = 30, missCount = 1, failureCount = 0]
[2026-05-29 16:10:27] [main] DEBUG o.springframework.test.context.cache - Spring test ApplicationContext cache statistics: [DefaultContextCache@2ff70947 size = 1, maxSize = 32, parentContextCount = 0, hitCount = 31, missCount = 1, failureCount = 0]
[2026-05-29 16:10:27] [main] DEBUG o.springframework.test.context.cache - Spring test ApplicationContext cache statistics: [DefaultContextCache@2ff70947 size = 1, maxSize = 32, parentContextCount = 0, hitCount = 32, missCount = 1, failureCount = 0]
[2026-05-29 16:10:27] [main] DEBUG o.s.t.c.s.DirtiesContextTestExecutionListener - After test method: class [CreateApplicationTests], method [createApplicationShouldWork], class annotated with @DirtiesContext [false] with mode [null], method annotated with @DirtiesContext [false] with mode [null]
[2026-05-29 16:10:27] [main] DEBUG o.s.t.c.w.ServletTestExecutionListener - Resetting RequestContextHolder for test class com.bank.mortgage.controller.ApplicationControllerIntegrationTest$CreateApplicationTests
]]></system-out>
  </testcase>
  <testcase name="createWithoutAuthShouldFail" classname="com.bank.mortgage.controller.ApplicationControllerIntegrationTest$CreateApplicationTests" time="0.295">
    <system-out><![CDATA[[2026-05-29 16:10:27] [main] DEBUG o.s.t.c.s.DependencyInjectionTestExecutionListener - Performing dependency injection for test class com.bank.mortgage.controller.ApplicationControllerIntegrationTest
[2026-05-29 16:10:27] [main] DEBUG o.springframework.test.context.cache - Spring test ApplicationContext cache statistics: [DefaultContextCache@2ff70947 size = 1, maxSize = 32, parentContextCount = 0, hitCount = 33, missCount = 1, failureCount = 0]
[2026-05-29 16:10:27] [main] DEBUG o.springframework.test.context.cache - Spring test ApplicationContext cache statistics: [DefaultContextCache@2ff70947 size = 1, maxSize = 32, parentContextCount = 0, hitCount = 34, missCount = 1, failureCount = 0]
[2026-05-29 16:10:27] [main] DEBUG o.springframework.test.context.cache - Spring test ApplicationContext cache statistics: [DefaultContextCache@2ff70947 size = 1, maxSize = 32, parentContextCount = 0, hitCount = 35, missCount = 1, failureCount = 0]
[2026-05-29 16:10:27] [main] DEBUG o.s.t.c.w.ServletTestExecutionListener - Setting up MockHttpServletRequest, MockHttpServletResponse, ServletWebRequest, and RequestContextHolder for test class com.bank.mortgage.controller.ApplicationControllerIntegrationTest$CreateApplicationTests
[2026-05-29 16:10:27] [main] DEBUG o.s.t.c.s.DependencyInjectionTestExecutionListener - Performing dependency injection for test class com.bank.mortgage.controller.ApplicationControllerIntegrationTest$CreateApplicationTests
[2026-05-29 16:10:27] [main] DEBUG o.springframework.test.context.cache - Spring test ApplicationContext cache statistics: [DefaultContextCache@2ff70947 size = 1, maxSize = 32, parentContextCount = 0, hitCount = 36, missCount = 1, failureCount = 0]
[2026-05-29 16:10:27] [main] DEBUG o.springframework.test.context.cache - Spring test ApplicationContext cache statistics: [DefaultContextCache@2ff70947 size = 1, maxSize = 32, parentContextCount = 0, hitCount = 37, missCount = 1, failureCount = 0]
[2026-05-29 16:10:27] [main] DEBUG o.s.t.c.s.DirtiesContextBeforeModesTestExecutionListener - Before test method: class [CreateApplicationTests], method [createWithoutAuthShouldFail], class annotated with @DirtiesContext [false] with mode [null], method annotated with @DirtiesContext [false] with mode [null]
[2026-05-29 16:10:27] [main] DEBUG o.springframework.test.context.cache - Spring test ApplicationContext cache statistics: [DefaultContextCache@2ff70947 size = 1, maxSize = 32, parentContextCount = 0, hitCount = 38, missCount = 1, failureCount = 0]
[2026-05-29 16:10:27] [main] DEBUG o.springframework.test.context.cache - Spring test ApplicationContext cache statistics: [DefaultContextCache@2ff70947 size = 1, maxSize = 32, parentContextCount = 0, hitCount = 39, missCount = 1, failureCount = 0]
[2026-05-29 16:10:27] [main] DEBUG o.s.orm.jpa.JpaTransactionManager - Creating new transaction with name [org.springframework.data.jpa.repository.support.SimpleJpaRepository.deleteAll]: PROPAGATION_REQUIRED,ISOLATION_DEFAULT
[2026-05-29 16:10:27] [main] DEBUG o.s.orm.jpa.JpaTransactionManager - Opened new EntityManager [SessionImpl(2011941209<open>)] for JPA transaction
[2026-05-29 16:10:27] [main] DEBUG o.h.e.t.internal.TransactionImpl - On TransactionImpl creation, JpaCompliance#isJpaTransactionComplianceEnabled == false
[2026-05-29 16:10:27] [main] DEBUG o.h.e.t.internal.TransactionImpl - begin
[2026-05-29 16:10:27] [main] DEBUG o.s.orm.jpa.JpaTransactionManager - Exposing JPA transaction as JDBC [org.springframework.orm.jpa.vendor.HibernateJpaDialect$HibernateConnectionHandle@45f0ad4e]
[2026-05-29 16:10:27] [main] DEBUG org.hibernate.orm.sql.ast.create - Created new SQL alias : a1_0
[2026-05-29 16:10:27] [main] DEBUG org.hibernate.orm.sql.ast.create - Registration of TableGroup [StandardTableGroup(com.bank.mortgage.domain.Application(19))] with identifierForTableGroup [com.bank.mortgage.domain.Application] for NavigablePath [com.bank.mortgage.domain.Application] 
[2026-05-29 16:10:27] [main] DEBUG org.hibernate.orm.sql.ast.create - Registration of TableGroup [org.hibernate.sql.ast.tree.from.LazyTableGroup@4c2bfb2b] with identifierForTableGroup [com.bank.mortgage.domain.Application.applicant] for NavigablePath [com.bank.mortgage.domain.Application.applicant] 
[2026-05-29 16:10:27] [main] DEBUG org.hibernate.orm.results.graph.AST - DomainResult Graph:
 \-EntityResultImpl [com.bank.mortgage.domain.Application(19)]
 |  +-EntityDelayedFetchImpl [com.bank.mortgage.domain.Application(19).applicant]
 |  +-BasicFetch [com.bank.mortgage.domain.Application(19).createdAt]
 |  +-BasicFetch [com.bank.mortgage.domain.Application(19).income]
 |  +-BasicFetch [com.bank.mortgage.domain.Application(19).loanAmount]
 |  +-BasicFetch [com.bank.mortgage.domain.Application(19).nationalId]
 |  +-BasicFetch [com.bank.mortgage.domain.Application(19).status]
 |  +-BasicFetch [com.bank.mortgage.domain.Application(19).tenureMonths]
 |  +-BasicFetch [com.bank.mortgage.domain.Application(19).updatedAt]
 |  \-BasicFetch [com.bank.mortgage.domain.Application(19).version]

[2026-05-29 16:10:27] [main] DEBUG org.hibernate.orm.sql.ast.tree - SQL AST Tree:
    SelectStatement {
      FromClause {
        StandardTableGroup (a1 : com.bank.mortgage.domain.Application(19)) {
          primaryTableReference : applications as a1_0
          TableGroupJoins {
            left  join LazyTableGroup (a2 : com.bank.mortgage.domain.Application(19).applicant) {
            }
          }
        }
      }
    }

[2026-05-29 16:10:27] [main] DEBUG org.hibernate.orm.sql.exec - Skipping reading Query result cache data: cache-enabled = false, cache-mode = NORMAL
[2026-05-29 16:10:27] [main] DEBUG org.hibernate.orm.results - Initializer list:
	  com.bank.mortgage.domain.Application(19).applicant -> EntityDelayedFetchInitializer(com.bank.mortgage.domain.Application(19).applicant)@838084102 (ToOneAttributeMapping(NavigableRole[com.bank.mortgage.domain.Application.applicant])@299441970)
	  com.bank.mortgage.domain.Application(19) -> EntityResultInitializer(com.bank.mortgage.domain.Application(19))@537970689 (SingleTableEntityPersister(com.bank.mortgage.domain.Application))

[2026-05-29 16:10:27] [main] DEBUG org.hibernate.SQL - 
    select
        a1_0.id,
        a1_0.applicant_id,
        a1_0.created_at,
        a1_0.income,
        a1_0.loan_amount,
        a1_0.national_id,
        a1_0.status,
        a1_0.tenure_months,
        a1_0.updated_at,
        a1_0.version 
    from
        applications a1_0
Hibernate: 
    select
        a1_0.id,
        a1_0.applicant_id,
        a1_0.created_at,
        a1_0.income,
        a1_0.loan_amount,
        a1_0.national_id,
        a1_0.status,
        a1_0.tenure_months,
        a1_0.updated_at,
        a1_0.version 
    from
        applications a1_0
[2026-05-29 16:10:27] [main] DEBUG org.hibernate.orm.results - Extracted JDBC value [0] - [392c08d7-49fa-4ec7-8e18-0752ede315b5]
[2026-05-29 16:10:27] [main] DEBUG o.h.orm.results.loading.entity - (EntityResultInitializer) Hydrated EntityKey (com.bank.mortgage.domain.Application(19)): 392c08d7-49fa-4ec7-8e18-0752ede315b5
[2026-05-29 16:10:27] [main] DEBUG o.h.orm.results.loading.entity - (EntityResultInitializer) Created new entity instance [com.bank.mortgage.domain.Application(19)#392c08d7-49fa-4ec7-8e18-0752ede315b5] : 549584535
[2026-05-29 16:10:27] [main] DEBUG org.hibernate.orm.results - Extracted JDBC value [1] - [18b85161-2efd-478f-8b0a-1844eb2e14ae]
[2026-05-29 16:10:27] [main] DEBUG org.hibernate.orm.results - Extracted JDBC value [2] - [2026-05-29T13:10:27.524970Z]
[2026-05-29 16:10:27] [main] DEBUG org.hibernate.orm.results - Extracted JDBC value [3] - [50000.00]
[2026-05-29 16:10:27] [main] DEBUG org.hibernate.orm.results - Extracted JDBC value [4] - [100000.00]
[2026-05-29 16:10:27] [main] DEBUG org.hibernate.orm.results - Extracted JDBC value [5] - [1234567890]
[2026-05-29 16:10:27] [main] DEBUG org.hibernate.orm.results - Extracted JDBC value [6] - [PENDING]
[2026-05-29 16:10:27] [main] DEBUG org.hibernate.orm.results - Extracted JDBC value [7] - [60]
[2026-05-29 16:10:27] [main] DEBUG org.hibernate.orm.results - Extracted JDBC value [8] - [2026-05-29T13:10:27.524973Z]
[2026-05-29 16:10:27] [main] DEBUG org.hibernate.orm.results - Extracted JDBC value [9] - [0]
[2026-05-29 16:10:27] [main] DEBUG org.hibernate.orm.results - Extracted JDBC value [9] - [0]
[2026-05-29 16:10:27] [main] DEBUG o.h.orm.results.loading.entity - (EntityResultInitializer) Done materializing entityInstance : com.bank.mortgage.domain.Application(19)#392c08d7-49fa-4ec7-8e18-0752ede315b5
[2026-05-29 16:10:27] [main] DEBUG org.hibernate.orm.results.loading - Calling top-level assembler (0 / 1) : org.hibernate.sql.results.graph.entity.internal.EntityAssembler@3eb887e4
[2026-05-29 16:10:27] [main] DEBUG o.s.orm.jpa.JpaTransactionManager - Initiating transaction commit
[2026-05-29 16:10:27] [main] DEBUG o.s.orm.jpa.JpaTransactionManager - Committing JPA transaction on EntityManager [SessionImpl(2011941209<open>)]
[2026-05-29 16:10:27] [main] DEBUG o.h.e.t.internal.TransactionImpl - committing
[2026-05-29 16:10:27] [main] DEBUG o.h.e.i.AbstractFlushingEventListener - Processing flush-time cascades
[2026-05-29 16:10:27] [main] DEBUG o.h.e.i.AbstractFlushingEventListener - Dirty checking collections
[2026-05-29 16:10:27] [main] DEBUG o.h.e.i.AbstractFlushingEventListener - Flushed: 0 insertions, 0 updates, 1 deletions to 1 objects
[2026-05-29 16:10:27] [main] DEBUG o.h.e.i.AbstractFlushingEventListener - Flushed: 0 (re)creations, 0 updates, 0 removals to 0 collections
[2026-05-29 16:10:27] [main] DEBUG o.h.internal.util.EntityPrinter - Listing entities:
[2026-05-29 16:10:27] [main] DEBUG o.h.internal.util.EntityPrinter - com.bank.mortgage.domain.Application{income=50000.00, createdAt=2026-05-29T13:10:27.524970Z, tenureMonths=60, nationalId=1234567890, id=392c08d7-49fa-4ec7-8e18-0752ede315b5, version=0, loanAmount=100000.00, applicant=<uninitialized>, status=PENDING, updatedAt=2026-05-29T13:10:27.524973Z}
[2026-05-29 16:10:27] [main] DEBUG org.hibernate.SQL - 
    delete 
    from
        applications 
    where
        id=? 
        and version=?
Hibernate: 
    delete 
    from
        applications 
    where
        id=? 
        and version=?
[2026-05-29 16:10:27] [main] DEBUG org.hibernate.orm.jdbc.batch - PreparedStatementDetails did not contain PreparedStatement on #releaseStatements : delete from applications where id=? and version=?
[2026-05-29 16:10:27] [main] DEBUG org.hibernate.orm.jdbc.batch - PreparedStatementDetails did not contain PreparedStatement on #releaseStatements : delete from applications where id=? and version=?
[2026-05-29 16:10:27] [main] DEBUG o.s.orm.jpa.JpaTransactionManager - Closing JPA EntityManager [SessionImpl(2011941209<open>)] after transaction
[2026-05-29 16:10:27] [main] DEBUG o.h.e.j.internal.JdbcCoordinatorImpl - HHH000420: Closing un-released batch
[2026-05-29 16:10:27] [main] DEBUG org.hibernate.orm.jdbc.batch - PreparedStatementDetails did not contain PreparedStatement on #releaseStatements : delete from applications where id=? and version=?
[2026-05-29 16:10:27] [main] DEBUG org.hibernate.orm.jdbc.batch - PreparedStatementDetails did not contain PreparedStatement on #releaseStatements : delete from applications where id=? and version=?
[2026-05-29 16:10:27] [main] DEBUG org.hibernate.orm.jdbc.batch - PreparedStatementDetails did not contain PreparedStatement on #releaseStatements : delete from applications where id=? and version=?
[2026-05-29 16:10:27] [main] DEBUG o.s.orm.jpa.JpaTransactionManager - Creating new transaction with name [org.springframework.data.jpa.repository.support.SimpleJpaRepository.deleteAll]: PROPAGATION_REQUIRED,ISOLATION_DEFAULT
[2026-05-29 16:10:27] [main] DEBUG o.s.orm.jpa.JpaTransactionManager - Opened new EntityManager [SessionImpl(1972928916<open>)] for JPA transaction
[2026-05-29 16:10:27] [main] DEBUG o.h.e.t.internal.TransactionImpl - On TransactionImpl creation, JpaCompliance#isJpaTransactionComplianceEnabled == false
[2026-05-29 16:10:27] [main] DEBUG o.h.e.t.internal.TransactionImpl - begin
[2026-05-29 16:10:27] [main] DEBUG o.s.orm.jpa.JpaTransactionManager - Exposing JPA transaction as JDBC [org.springframework.orm.jpa.vendor.HibernateJpaDialect$HibernateConnectionHandle@4261e7b]
[2026-05-29 16:10:27] [main] DEBUG org.hibernate.orm.sql.ast.create - Created new SQL alias : u1_0
[2026-05-29 16:10:27] [main] DEBUG org.hibernate.orm.sql.ast.create - Registration of TableGroup [StandardTableGroup(com.bank.mortgage.domain.User(20))] with identifierForTableGroup [com.bank.mortgage.domain.User] for NavigablePath [com.bank.mortgage.domain.User] 
[2026-05-29 16:10:27] [main] DEBUG org.hibernate.orm.results.graph.AST - DomainResult Graph:
 \-EntityResultImpl [com.bank.mortgage.domain.User(20)]
 |  +-BasicFetch [com.bank.mortgage.domain.User(20).createdAt]
 |  +-BasicFetch [com.bank.mortgage.domain.User(20).email]
 |  +-BasicFetch [com.bank.mortgage.domain.User(20).fullName]
 |  +-BasicFetch [com.bank.mortgage.domain.User(20).nationalId]
 |  +-BasicFetch [com.bank.mortgage.domain.User(20).password]
 |  \-BasicFetch [com.bank.mortgage.domain.User(20).role]

[2026-05-29 16:10:27] [main] DEBUG org.hibernate.orm.sql.ast.tree - SQL AST Tree:
    SelectStatement {
      FromClause {
        StandardTableGroup (u1 : com.bank.mortgage.domain.User(20)) {
          primaryTableReference : users as u1_0
        }
      }
    }

[2026-05-29 16:10:27] [main] DEBUG org.hibernate.orm.sql.exec - Skipping reading Query result cache data: cache-enabled = false, cache-mode = NORMAL
[2026-05-29 16:10:27] [main] DEBUG org.hibernate.orm.results - Initializer list:
	  com.bank.mortgage.domain.User(20) -> EntityResultInitializer(com.bank.mortgage.domain.User(20))@975138501 (SingleTableEntityPersister(com.bank.mortgage.domain.User))

[2026-05-29 16:10:27] [main] DEBUG org.hibernate.SQL - 
    select
        u1_0.id,
        u1_0.created_at,
        u1_0.email,
        u1_0.full_name,
        u1_0.national_id,
        u1_0.password,
        u1_0.role 
    from
        users u1_0
Hibernate: 
    select
        u1_0.id,
        u1_0.created_at,
        u1_0.email,
        u1_0.full_name,
        u1_0.national_id,
        u1_0.password,
        u1_0.role 
    from
        users u1_0
[2026-05-29 16:10:27] [main] DEBUG org.hibernate.orm.results - Extracted JDBC value [0] - [18b85161-2efd-478f-8b0a-1844eb2e14ae]
[2026-05-29 16:10:27] [main] DEBUG o.h.orm.results.loading.entity - (EntityResultInitializer) Hydrated EntityKey (com.bank.mortgage.domain.User(20)): 18b85161-2efd-478f-8b0a-1844eb2e14ae
[2026-05-29 16:10:27] [main] DEBUG o.h.orm.results.loading.entity - (EntityResultInitializer) Created new entity instance [com.bank.mortgage.domain.User(20)#18b85161-2efd-478f-8b0a-1844eb2e14ae] : 273317784
[2026-05-29 16:10:27] [main] DEBUG org.hibernate.orm.results - Extracted JDBC value [1] - [2026-05-29T13:10:26.901376Z]
[2026-05-29 16:10:27] [main] DEBUG org.hibernate.orm.results - Extracted JDBC value [2] - [applicant@test.com]
[2026-05-29 16:10:27] [main] DEBUG org.hibernate.orm.results - Extracted JDBC value [3] - [Test Applicant]
[2026-05-29 16:10:27] [main] DEBUG org.hibernate.orm.results - Extracted JDBC value [4] - [null]
[2026-05-29 16:10:27] [main] DEBUG org.hibernate.orm.results - Extracted JDBC value [5] - [$2a$10$7cYefRBBj3k0L5yuyvcvtOneRyl7XsOJ6PnirxejZCSO1.1G.5yiC]
[2026-05-29 16:10:27] [main] DEBUG org.hibernate.orm.results - Extracted JDBC value [6] - [APPLICANT]
[2026-05-29 16:10:27] [main] DEBUG o.h.orm.results.loading.entity - (EntityResultInitializer) Done materializing entityInstance : com.bank.mortgage.domain.User(20)#18b85161-2efd-478f-8b0a-1844eb2e14ae
[2026-05-29 16:10:27] [main] DEBUG org.hibernate.orm.results.loading - Calling top-level assembler (0 / 1) : org.hibernate.sql.results.graph.entity.internal.EntityAssembler@51e24212
[2026-05-29 16:10:27] [main] DEBUG org.hibernate.orm.results - Extracted JDBC value [0] - [09fcc9a6-79e8-4b84-aac1-7c20ccfcbc2a]
[2026-05-29 16:10:27] [main] DEBUG o.h.orm.results.loading.entity - (EntityResultInitializer) Hydrated EntityKey (com.bank.mortgage.domain.User(20)): 09fcc9a6-79e8-4b84-aac1-7c20ccfcbc2a
[2026-05-29 16:10:27] [main] DEBUG o.h.orm.results.loading.entity - (EntityResultInitializer) Created new entity instance [com.bank.mortgage.domain.User(20)#09fcc9a6-79e8-4b84-aac1-7c20ccfcbc2a] : 1788668712
[2026-05-29 16:10:27] [main] DEBUG org.hibernate.orm.results - Extracted JDBC value [1] - [2026-05-29T13:10:27.010416Z]
[2026-05-29 16:10:27] [main] DEBUG org.hibernate.orm.results - Extracted JDBC value [2] - [officer@test.com]
[2026-05-29 16:10:27] [main] DEBUG org.hibernate.orm.results - Extracted JDBC value [3] - [Test Officer]
[2026-05-29 16:10:27] [main] DEBUG org.hibernate.orm.results - Extracted JDBC value [4] - [null]
[2026-05-29 16:10:27] [main] DEBUG org.hibernate.orm.results - Extracted JDBC value [5] - [$2a$10$qKAs8Ntm8PnHVhbURvr7fe9IFhpUD2WPSP.yFv/Aw4Yx2UkiyIsE.]
[2026-05-29 16:10:27] [main] DEBUG org.hibernate.orm.results - Extracted JDBC value [6] - [CREDIT_OFFICER]
[2026-05-29 16:10:27] [main] DEBUG o.h.orm.results.loading.entity - (EntityResultInitializer) Done materializing entityInstance : com.bank.mortgage.domain.User(20)#09fcc9a6-79e8-4b84-aac1-7c20ccfcbc2a
[2026-05-29 16:10:27] [main] DEBUG org.hibernate.orm.results.loading - Calling top-level assembler (0 / 1) : org.hibernate.sql.results.graph.entity.internal.EntityAssembler@51e24212
[2026-05-29 16:10:27] [main] DEBUG o.h.j.i.PersistenceUnitUtilImpl - jakarta.persistence.PersistenceUnitUtil.getIdentifier is only intended to work with enhanced entities (although Hibernate also adapts this support to its proxies); however the passed entity was not enhanced (nor a proxy).. may not be able to read identifier
[2026-05-29 16:10:27] [main] DEBUG o.h.j.i.PersistenceUnitUtilImpl - jakarta.persistence.PersistenceUnitUtil.getIdentifier is only intended to work with enhanced entities (although Hibernate also adapts this support to its proxies); however the passed entity was not enhanced (nor a proxy).. may not be able to read identifier
[2026-05-29 16:10:27] [main] DEBUG o.s.orm.jpa.JpaTransactionManager - Initiating transaction commit
[2026-05-29 16:10:27] [main] DEBUG o.s.orm.jpa.JpaTransactionManager - Committing JPA transaction on EntityManager [SessionImpl(1972928916<open>)]
[2026-05-29 16:10:27] [main] DEBUG o.h.e.t.internal.TransactionImpl - committing
[2026-05-29 16:10:27] [main] DEBUG o.h.e.i.AbstractFlushingEventListener - Processing flush-time cascades
[2026-05-29 16:10:27] [main] DEBUG o.h.e.i.AbstractFlushingEventListener - Dirty checking collections
[2026-05-29 16:10:27] [main] DEBUG o.h.e.i.AbstractFlushingEventListener - Flushed: 0 insertions, 0 updates, 2 deletions to 2 objects
[2026-05-29 16:10:27] [main] DEBUG o.h.e.i.AbstractFlushingEventListener - Flushed: 0 (re)creations, 0 updates, 0 removals to 0 collections
[2026-05-29 16:10:27] [main] DEBUG o.h.internal.util.EntityPrinter - Listing entities:
[2026-05-29 16:10:27] [main] DEBUG o.h.internal.util.EntityPrinter - com.bank.mortgage.domain.User{createdAt=2026-05-29T13:10:27.010416Z, password=$2a$10$qKAs8Ntm8PnHVhbURvr7fe9IFhpUD2WPSP.yFv/Aw4Yx2UkiyIsE., role=CREDIT_OFFICER, nationalId=null, fullName=Test Officer, id=09fcc9a6-79e8-4b84-aac1-7c20ccfcbc2a, email=officer@test.com}
[2026-05-29 16:10:27] [main] DEBUG o.h.internal.util.EntityPrinter - com.bank.mortgage.domain.User{createdAt=2026-05-29T13:10:26.901376Z, password=$2a$10$7cYefRBBj3k0L5yuyvcvtOneRyl7XsOJ6PnirxejZCSO1.1G.5yiC, role=APPLICANT, nationalId=null, fullName=Test Applicant, id=18b85161-2efd-478f-8b0a-1844eb2e14ae, email=applicant@test.com}
[2026-05-29 16:10:27] [main] DEBUG org.hibernate.SQL - 
    delete 
    from
        users 
    where
        id=?
Hibernate: 
    delete 
    from
        users 
    where
        id=?
[2026-05-29 16:10:27] [main] DEBUG org.hibernate.SQL - 
    delete 
    from
        users 
    where
        id=?
Hibernate: 
    delete 
    from
        users 
    where
        id=?
[2026-05-29 16:10:27] [main] DEBUG org.hibernate.orm.jdbc.batch - PreparedStatementDetails did not contain PreparedStatement on #releaseStatements : delete from users where id=?
[2026-05-29 16:10:27] [main] DEBUG org.hibernate.orm.jdbc.batch - PreparedStatementDetails did not contain PreparedStatement on #releaseStatements : delete from users where id=?
[2026-05-29 16:10:27] [main] DEBUG o.s.orm.jpa.JpaTransactionManager - Closing JPA EntityManager [SessionImpl(1972928916<open>)] after transaction
[2026-05-29 16:10:27] [main] DEBUG o.h.e.j.internal.JdbcCoordinatorImpl - HHH000420: Closing un-released batch
[2026-05-29 16:10:27] [main] DEBUG org.hibernate.orm.jdbc.batch - PreparedStatementDetails did not contain PreparedStatement on #releaseStatements : delete from users where id=?
[2026-05-29 16:10:27] [main] DEBUG org.hibernate.orm.jdbc.batch - PreparedStatementDetails did not contain PreparedStatement on #releaseStatements : delete from users where id=?
[2026-05-29 16:10:27] [main] DEBUG org.hibernate.orm.jdbc.batch - PreparedStatementDetails did not contain PreparedStatement on #releaseStatements : delete from users where id=?
[2026-05-29 16:10:28] [main] DEBUG o.s.orm.jpa.JpaTransactionManager - Creating new transaction with name [org.springframework.data.jpa.repository.support.SimpleJpaRepository.save]: PROPAGATION_REQUIRED,ISOLATION_DEFAULT
[2026-05-29 16:10:28] [main] DEBUG o.s.orm.jpa.JpaTransactionManager - Opened new EntityManager [SessionImpl(379183927<open>)] for JPA transaction
[2026-05-29 16:10:28] [main] DEBUG o.h.e.t.internal.TransactionImpl - On TransactionImpl creation, JpaCompliance#isJpaTransactionComplianceEnabled == false
[2026-05-29 16:10:28] [main] DEBUG o.h.e.t.internal.TransactionImpl - begin
[2026-05-29 16:10:28] [main] DEBUG o.s.orm.jpa.JpaTransactionManager - Exposing JPA transaction as JDBC [org.springframework.orm.jpa.vendor.HibernateJpaDialect$HibernateConnectionHandle@300a4ff5]
[2026-05-29 16:10:28] [main] DEBUG o.h.j.i.PersistenceUnitUtilImpl - jakarta.persistence.PersistenceUnitUtil.getIdentifier is only intended to work with enhanced entities (although Hibernate also adapts this support to its proxies); however the passed entity was not enhanced (nor a proxy).. may not be able to read identifier
[2026-05-29 16:10:28] [main] DEBUG org.hibernate.orm.sql.exec - Skipping reading Query result cache data: cache-enabled = false, cache-mode = IGNORE
[2026-05-29 16:10:28] [main] DEBUG org.hibernate.orm.results - Initializer list:
	  com.bank.mortgage.domain.User -> EntityResultInitializer(com.bank.mortgage.domain.User)@104559317 (SingleTableEntityPersister(com.bank.mortgage.domain.User))

[2026-05-29 16:10:28] [main] DEBUG org.hibernate.SQL - 
    select
        u1_0.id,
        u1_0.created_at,
        u1_0.email,
        u1_0.full_name,
        u1_0.national_id,
        u1_0.password,
        u1_0.role 
    from
        users u1_0 
    where
        u1_0.id=?
Hibernate: 
    select
        u1_0.id,
        u1_0.created_at,
        u1_0.email,
        u1_0.full_name,
        u1_0.national_id,
        u1_0.password,
        u1_0.role 
    from
        users u1_0 
    where
        u1_0.id=?
[2026-05-29 16:10:28] [main] DEBUG o.s.orm.jpa.JpaTransactionManager - Initiating transaction commit
[2026-05-29 16:10:28] [main] DEBUG o.s.orm.jpa.JpaTransactionManager - Committing JPA transaction on EntityManager [SessionImpl(379183927<open>)]
[2026-05-29 16:10:28] [main] DEBUG o.h.e.t.internal.TransactionImpl - committing
[2026-05-29 16:10:28] [main] DEBUG o.h.e.i.AbstractFlushingEventListener - Processing flush-time cascades
[2026-05-29 16:10:28] [main] DEBUG o.h.e.i.AbstractFlushingEventListener - Dirty checking collections
[2026-05-29 16:10:28] [main] DEBUG o.h.e.i.AbstractFlushingEventListener - Flushed: 1 insertions, 0 updates, 0 deletions to 1 objects
[2026-05-29 16:10:28] [main] DEBUG o.h.e.i.AbstractFlushingEventListener - Flushed: 0 (re)creations, 0 updates, 0 removals to 0 collections
[2026-05-29 16:10:28] [main] DEBUG o.h.internal.util.EntityPrinter - Listing entities:
[2026-05-29 16:10:28] [main] DEBUG o.h.internal.util.EntityPrinter - com.bank.mortgage.domain.User{createdAt=2026-05-29T13:10:28.021703733Z, password=$2a$10$sVyBbRL9yCYU07wyvr.MqeimEiU0.KzFl8PGnXaivMyGZGdQMpYUC, role=APPLICANT, nationalId=null, fullName=Test Applicant, id=dd23a36c-a776-409d-ab14-164b00c31e42, email=applicant@test.com}
[2026-05-29 16:10:28] [main] DEBUG org.hibernate.SQL - 
    insert 
    into
        users
        (created_at, email, full_name, national_id, password, role, id) 
    values
        (?, ?, ?, ?, ?, ?, ?)
Hibernate: 
    insert 
    into
        users
        (created_at, email, full_name, national_id, password, role, id) 
    values
        (?, ?, ?, ?, ?, ?, ?)
[2026-05-29 16:10:28] [main] DEBUG org.hibernate.orm.jdbc.batch - PreparedStatementDetails did not contain PreparedStatement on #releaseStatements : insert into users (created_at,email,full_name,national_id,password,role,id) values (?,?,?,?,?,?,?)
[2026-05-29 16:10:28] [main] DEBUG org.hibernate.orm.jdbc.batch - PreparedStatementDetails did not contain PreparedStatement on #releaseStatements : insert into users (created_at,email,full_name,national_id,password,role,id) values (?,?,?,?,?,?,?)
[2026-05-29 16:10:28] [main] DEBUG o.s.orm.jpa.JpaTransactionManager - Closing JPA EntityManager [SessionImpl(379183927<open>)] after transaction
[2026-05-29 16:10:28] [main] DEBUG o.h.e.j.internal.JdbcCoordinatorImpl - HHH000420: Closing un-released batch
[2026-05-29 16:10:28] [main] DEBUG org.hibernate.orm.jdbc.batch - PreparedStatementDetails did not contain PreparedStatement on #releaseStatements : insert into users (created_at,email,full_name,national_id,password,role,id) values (?,?,?,?,?,?,?)
[2026-05-29 16:10:28] [main] DEBUG org.hibernate.orm.jdbc.batch - PreparedStatementDetails did not contain PreparedStatement on #releaseStatements : insert into users (created_at,email,full_name,national_id,password,role,id) values (?,?,?,?,?,?,?)
[2026-05-29 16:10:28] [main] DEBUG org.hibernate.orm.jdbc.batch - PreparedStatementDetails did not contain PreparedStatement on #releaseStatements : insert into users (created_at,email,full_name,national_id,password,role,id) values (?,?,?,?,?,?,?)
[2026-05-29 16:10:28] [main] DEBUG o.s.orm.jpa.JpaTransactionManager - Creating new transaction with name [org.springframework.data.jpa.repository.support.SimpleJpaRepository.save]: PROPAGATION_REQUIRED,ISOLATION_DEFAULT
[2026-05-29 16:10:28] [main] DEBUG o.s.orm.jpa.JpaTransactionManager - Opened new EntityManager [SessionImpl(1830355670<open>)] for JPA transaction
[2026-05-29 16:10:28] [main] DEBUG o.h.e.t.internal.TransactionImpl - On TransactionImpl creation, JpaCompliance#isJpaTransactionComplianceEnabled == false
[2026-05-29 16:10:28] [main] DEBUG o.h.e.t.internal.TransactionImpl - begin
[2026-05-29 16:10:28] [main] DEBUG o.s.orm.jpa.JpaTransactionManager - Exposing JPA transaction as JDBC [org.springframework.orm.jpa.vendor.HibernateJpaDialect$HibernateConnectionHandle@6a447b9b]
[2026-05-29 16:10:28] [main] DEBUG o.h.j.i.PersistenceUnitUtilImpl - jakarta.persistence.PersistenceUnitUtil.getIdentifier is only intended to work with enhanced entities (although Hibernate also adapts this support to its proxies); however the passed entity was not enhanced (nor a proxy).. may not be able to read identifier
[2026-05-29 16:10:28] [main] DEBUG org.hibernate.orm.sql.exec - Skipping reading Query result cache data: cache-enabled = false, cache-mode = IGNORE
[2026-05-29 16:10:28] [main] DEBUG org.hibernate.orm.results - Initializer list:
	  com.bank.mortgage.domain.User -> EntityResultInitializer(com.bank.mortgage.domain.User)@2128541683 (SingleTableEntityPersister(com.bank.mortgage.domain.User))

[2026-05-29 16:10:28] [main] DEBUG org.hibernate.SQL - 
    select
        u1_0.id,
        u1_0.created_at,
        u1_0.email,
        u1_0.full_name,
        u1_0.national_id,
        u1_0.password,
        u1_0.role 
    from
        users u1_0 
    where
        u1_0.id=?
Hibernate: 
    select
        u1_0.id,
        u1_0.created_at,
        u1_0.email,
        u1_0.full_name,
        u1_0.national_id,
        u1_0.password,
        u1_0.role 
    from
        users u1_0 
    where
        u1_0.id=?
[2026-05-29 16:10:28] [main] DEBUG o.s.orm.jpa.JpaTransactionManager - Initiating transaction commit
[2026-05-29 16:10:28] [main] DEBUG o.s.orm.jpa.JpaTransactionManager - Committing JPA transaction on EntityManager [SessionImpl(1830355670<open>)]
[2026-05-29 16:10:28] [main] DEBUG o.h.e.t.internal.TransactionImpl - committing
[2026-05-29 16:10:28] [main] DEBUG o.h.e.i.AbstractFlushingEventListener - Processing flush-time cascades
[2026-05-29 16:10:28] [main] DEBUG o.h.e.i.AbstractFlushingEventListener - Dirty checking collections
[2026-05-29 16:10:28] [main] DEBUG o.h.e.i.AbstractFlushingEventListener - Flushed: 1 insertions, 0 updates, 0 deletions to 1 objects
[2026-05-29 16:10:28] [main] DEBUG o.h.e.i.AbstractFlushingEventListener - Flushed: 0 (re)creations, 0 updates, 0 removals to 0 collections
[2026-05-29 16:10:28] [main] DEBUG o.h.internal.util.EntityPrinter - Listing entities:
[2026-05-29 16:10:28] [main] DEBUG o.h.internal.util.EntityPrinter - com.bank.mortgage.domain.User{createdAt=2026-05-29T13:10:28.120124845Z, password=$2a$10$xrWoY/CeNBkQZqESDoHCaOel98X9oDtq2s2Ytzt0qb2ymLQFVvXpq, role=CREDIT_OFFICER, nationalId=null, fullName=Test Officer, id=6054dfdc-1d58-4a75-9890-738d2cabbb77, email=officer@test.com}
[2026-05-29 16:10:28] [main] DEBUG org.hibernate.SQL - 
    insert 
    into
        users
        (created_at, email, full_name, national_id, password, role, id) 
    values
        (?, ?, ?, ?, ?, ?, ?)
Hibernate: 
    insert 
    into
        users
        (created_at, email, full_name, national_id, password, role, id) 
    values
        (?, ?, ?, ?, ?, ?, ?)
[2026-05-29 16:10:28] [main] DEBUG org.hibernate.orm.jdbc.batch - PreparedStatementDetails did not contain PreparedStatement on #releaseStatements : insert into users (created_at,email,full_name,national_id,password,role,id) values (?,?,?,?,?,?,?)
[2026-05-29 16:10:28] [main] DEBUG org.hibernate.orm.jdbc.batch - PreparedStatementDetails did not contain PreparedStatement on #releaseStatements : insert into users (created_at,email,full_name,national_id,password,role,id) values (?,?,?,?,?,?,?)
[2026-05-29 16:10:28] [main] DEBUG o.s.orm.jpa.JpaTransactionManager - Closing JPA EntityManager [SessionImpl(1830355670<open>)] after transaction
[2026-05-29 16:10:28] [main] DEBUG o.h.e.j.internal.JdbcCoordinatorImpl - HHH000420: Closing un-released batch
[2026-05-29 16:10:28] [main] DEBUG org.hibernate.orm.jdbc.batch - PreparedStatementDetails did not contain PreparedStatement on #releaseStatements : insert into users (created_at,email,full_name,national_id,password,role,id) values (?,?,?,?,?,?,?)
[2026-05-29 16:10:28] [main] DEBUG org.hibernate.orm.jdbc.batch - PreparedStatementDetails did not contain PreparedStatement on #releaseStatements : insert into users (created_at,email,full_name,national_id,password,role,id) values (?,?,?,?,?,?,?)
[2026-05-29 16:10:28] [main] DEBUG org.hibernate.orm.jdbc.batch - PreparedStatementDetails did not contain PreparedStatement on #releaseStatements : insert into users (created_at,email,full_name,national_id,password,role,id) values (?,?,?,?,?,?,?)
[2026-05-29 16:10:28] [main] DEBUG o.springframework.test.context.cache - Spring test ApplicationContext cache statistics: [DefaultContextCache@2ff70947 size = 1, maxSize = 32, parentContextCount = 0, hitCount = 40, missCount = 1, failureCount = 0]
[2026-05-29 16:10:28] [main] DEBUG o.s.security.web.FilterChainProxy - Securing POST /api/v1/applications
[2026-05-29 16:10:28] [main] DEBUG o.s.s.w.a.AnonymousAuthenticationFilter - Set SecurityContextHolder to anonymous SecurityContext
[2026-05-29 16:10:28] [main] DEBUG o.s.s.w.a.Http403ForbiddenEntryPoint - Pre-authenticated entry point called. Rejecting access
[2026-05-29 16:10:28] [main] DEBUG o.springframework.test.context.cache - Spring test ApplicationContext cache statistics: [DefaultContextCache@2ff70947 size = 1, maxSize = 32, parentContextCount = 0, hitCount = 41, missCount = 1, failureCount = 0]
[2026-05-29 16:10:28] [main] DEBUG o.springframework.test.context.cache - Spring test ApplicationContext cache statistics: [DefaultContextCache@2ff70947 size = 1, maxSize = 32, parentContextCount = 0, hitCount = 42, missCount = 1, failureCount = 0]
[2026-05-29 16:10:28] [main] DEBUG o.springframework.test.context.cache - Spring test ApplicationContext cache statistics: [DefaultContextCache@2ff70947 size = 1, maxSize = 32, parentContextCount = 0, hitCount = 43, missCount = 1, failureCount = 0]
[2026-05-29 16:10:28] [main] DEBUG o.springframework.test.context.cache - Spring test ApplicationContext cache statistics: [DefaultContextCache@2ff70947 size = 1, maxSize = 32, parentContextCount = 0, hitCount = 44, missCount = 1, failureCount = 0]
[2026-05-29 16:10:28] [main] DEBUG o.springframework.test.context.cache - Spring test ApplicationContext cache statistics: [DefaultContextCache@2ff70947 size = 1, maxSize = 32, parentContextCount = 0, hitCount = 45, missCount = 1, failureCount = 0]
[2026-05-29 16:10:28] [main] DEBUG o.springframework.test.context.cache - Spring test ApplicationContext cache statistics: [DefaultContextCache@2ff70947 size = 1, maxSize = 32, parentContextCount = 0, hitCount = 46, missCount = 1, failureCount = 0]
[2026-05-29 16:10:28] [main] DEBUG o.springframework.test.context.cache - Spring test ApplicationContext cache statistics: [DefaultContextCache@2ff70947 size = 1, maxSize = 32, parentContextCount = 0, hitCount = 47, missCount = 1, failureCount = 0]
[2026-05-29 16:10:28] [main] DEBUG o.s.t.c.s.DirtiesContextTestExecutionListener - After test method: class [CreateApplicationTests], method [createWithoutAuthShouldFail], class annotated with @DirtiesContext [false] with mode [null], method annotated with @DirtiesContext [false] with mode [null]
[2026-05-29 16:10:28] [main] DEBUG o.s.t.c.w.ServletTestExecutionListener - Resetting RequestContextHolder for test class com.bank.mortgage.controller.ApplicationControllerIntegrationTest$CreateApplicationTests
]]></system-out>
  </testcase>
</testsuite>