<?xml version="1.0" encoding="UTF-8"?>
<testsuite xmlns:xsi="http://www.w3.org/2001/XMLSchema-instance" xsi:noNamespaceSchemaLocation="https://maven.apache.org/surefire/maven-surefire-plugin/xsd/surefire-test-report-3.0.xsd" version="3.0" name="com.bank.mortgage.controller.ApplicationControllerIntegrationTest$HomeEndpointTests" time="0.611" tests="2" errors="0" skipped="0" failures="0">
  <properties>
[...]
</properties>
  <testcase name="homeEndpointShouldBeAccessibleWithoutAuthentication" classname="com.bank.mortgage.controller.ApplicationControllerIntegrationTest$HomeEndpointTests" time="0.286">
    <system-out><![CDATA[[2026-05-29 16:10:28] [main] DEBUG o.s.b.t.c.SpringBootTestContextBootstrapper - Neither @ContextConfiguration nor @ContextHierarchy found for test class [HomeEndpointTests]: using SpringBootContextLoader
[2026-05-29 16:10:28] [main] DEBUG o.s.t.c.s.AbstractContextLoader - Could not detect default resource locations for test class [com.bank.mortgage.controller.ApplicationControllerIntegrationTest$HomeEndpointTests]: no resource found for suffixes {-context.xml, Context.groovy}.
[2026-05-29 16:10:28] [main] INFO  o.s.t.c.s.AnnotationConfigContextLoaderUtils - Could not detect default configuration classes for test class [com.bank.mortgage.controller.ApplicationControllerIntegrationTest$HomeEndpointTests]: HomeEndpointTests does not declare any static, non-private, non-final, nested classes annotated with @Configuration.
[2026-05-29 16:10:28] [main] DEBUG o.s.b.t.c.SpringBootTestContextBootstrapper - Using ContextCustomizerFactory implementations for test class [HomeEndpointTests]: [ImportsContextCustomizerFactory, ExcludeFilterContextCustomizerFactory, HttpGraphQlTesterContextCustomizerFactory, DuplicateJsonObjectContextCustomizerFactory, MockitoContextCustomizerFactory, TestRestTemplateContextCustomizerFactory, WebTestClientContextCustomizerFactory, DisableReactorResourceFactoryGlobalResourcesContextCustomizerFactory, OnFailureConditionReportContextCustomizerFactory, OverrideAutoConfigurationContextCustomizerFactory, ObservabilityContextCustomizerFactory, TypeExcludeFiltersContextCustomizerFactory, PropertyMappingContextCustomizerFactory, WebDriverContextCustomizerFactory, MockServerContainerContextCustomizerFactory, DynamicPropertiesContextCustomizerFactory]
[2026-05-29 16:10:28] [main] DEBUG o.s.b.t.c.SpringBootTestContextBootstrapper - Using ContextCustomizers for test class [HomeEndpointTests]: [ImportsContextCustomizer, ExcludeFilterContextCustomizer, DuplicateJsonObjectContextCustomizer, MockitoContextCustomizer, TestRestTemplateContextCustomizer, DisableReactorResourceFactoryGlobalResourcesContextCustomizerCustomizer, OnFailureConditionReportContextCustomizer, DisableObservabilityContextCustomizer, PropertyMappingContextCustomizer, WebDriverContextCustomizer]
[2026-05-29 16:10:28] [main] INFO  o.s.b.t.c.SpringBootTestContextBootstrapper - Found @SpringBootConfiguration com.bank.mortgage.MortgageApplication for test class com.bank.mortgage.controller.ApplicationControllerIntegrationTest$HomeEndpointTests
[2026-05-29 16:10:28] [main] DEBUG o.s.t.c.u.TestContextSpringFactoriesUtils - Skipping candidate TestExecutionListener [org.springframework.test.context.observation.MicrometerObservationRegistryTestExecutionListener] due to a missing dependency. Specify custom TestExecutionListener classes or make the default TestExecutionListener classes and their required dependencies available. Offending class: io.micrometer.context.ThreadLocalAccessor. MicrometerObservationRegistryTestExecutionListener requires io.micrometer:micrometer-observation:1.10.8 or higher and io.micrometer:context-propagation:1.0.3 or higher.
[2026-05-29 16:10:28] [main] DEBUG o.s.b.t.c.SpringBootTestContextBootstrapper - Using TestExecutionListeners for test class [HomeEndpointTests]: [ServletTestExecutionListener, DirtiesContextBeforeModesTestExecutionListener, ApplicationEventsTestExecutionListener, MockitoTestExecutionListener, DependencyInjectionTestExecutionListener, DirtiesContextTestExecutionListener, TransactionalTestExecutionListener, SqlScriptsTestExecutionListener, EventPublishingTestExecutionListener, WithSecurityContextTestExecutionListener, ReactorContextTestExecutionListener, ResetMocksTestExecutionListener, RestDocsTestExecutionListener, MockRestServiceServerResetTestExecutionListener, MockMvcPrintOnlyOnFailureTestExecutionListener, WebDriverTestExecutionListener, MockWebServiceServerTestExecutionListener]
[2026-05-29 16:10:28] [main] DEBUG o.s.t.c.s.DirtiesContextBeforeModesTestExecutionListener - Before test class: class [HomeEndpointTests], class annotated with @DirtiesContext [false] with mode [null]
[2026-05-29 16:10:28] [main] DEBUG o.springframework.test.context.cache - Spring test ApplicationContext cache statistics: [DefaultContextCache@2ff70947 size = 1, maxSize = 32, parentContextCount = 0, hitCount = 49, missCount = 1, failureCount = 0]
[2026-05-29 16:10:28] [main] DEBUG o.s.t.c.s.DependencyInjectionTestExecutionListener - Performing dependency injection for test class com.bank.mortgage.controller.ApplicationControllerIntegrationTest
[2026-05-29 16:10:28] [main] DEBUG o.springframework.test.context.cache - Spring test ApplicationContext cache statistics: [DefaultContextCache@2ff70947 size = 1, maxSize = 32, parentContextCount = 0, hitCount = 50, missCount = 1, failureCount = 0]
[2026-05-29 16:10:28] [main] DEBUG o.springframework.test.context.cache - Spring test ApplicationContext cache statistics: [DefaultContextCache@2ff70947 size = 1, maxSize = 32, parentContextCount = 0, hitCount = 51, missCount = 1, failureCount = 0]
[2026-05-29 16:10:28] [main] DEBUG o.springframework.test.context.cache - Spring test ApplicationContext cache statistics: [DefaultContextCache@2ff70947 size = 1, maxSize = 32, parentContextCount = 0, hitCount = 52, missCount = 1, failureCount = 0]
[2026-05-29 16:10:28] [main] DEBUG o.s.t.c.w.ServletTestExecutionListener - Setting up MockHttpServletRequest, MockHttpServletResponse, ServletWebRequest, and RequestContextHolder for test class com.bank.mortgage.controller.ApplicationControllerIntegrationTest$HomeEndpointTests
[2026-05-29 16:10:28] [main] DEBUG o.s.t.c.s.DependencyInjectionTestExecutionListener - Performing dependency injection for test class com.bank.mortgage.controller.ApplicationControllerIntegrationTest$HomeEndpointTests
[2026-05-29 16:10:28] [main] DEBUG o.springframework.test.context.cache - Spring test ApplicationContext cache statistics: [DefaultContextCache@2ff70947 size = 1, maxSize = 32, parentContextCount = 0, hitCount = 53, missCount = 1, failureCount = 0]
[2026-05-29 16:10:28] [main] DEBUG o.springframework.test.context.cache - Spring test ApplicationContext cache statistics: [DefaultContextCache@2ff70947 size = 1, maxSize = 32, parentContextCount = 0, hitCount = 54, missCount = 1, failureCount = 0]
[2026-05-29 16:10:28] [main] DEBUG o.s.t.c.s.DirtiesContextBeforeModesTestExecutionListener - Before test method: class [HomeEndpointTests], method [homeEndpointShouldBeAccessibleWithoutAuthentication], class annotated with @DirtiesContext [false] with mode [null], method annotated with @DirtiesContext [false] with mode [null]
[2026-05-29 16:10:28] [main] DEBUG o.springframework.test.context.cache - Spring test ApplicationContext cache statistics: [DefaultContextCache@2ff70947 size = 1, maxSize = 32, parentContextCount = 0, hitCount = 55, missCount = 1, failureCount = 0]
[2026-05-29 16:10:28] [main] DEBUG o.springframework.test.context.cache - Spring test ApplicationContext cache statistics: [DefaultContextCache@2ff70947 size = 1, maxSize = 32, parentContextCount = 0, hitCount = 56, missCount = 1, failureCount = 0]
[2026-05-29 16:10:28] [main] DEBUG o.s.orm.jpa.JpaTransactionManager - Creating new transaction with name [org.springframework.data.jpa.repository.support.SimpleJpaRepository.deleteAll]: PROPAGATION_REQUIRED,ISOLATION_DEFAULT
[2026-05-29 16:10:28] [main] DEBUG o.s.orm.jpa.JpaTransactionManager - Opened new EntityManager [SessionImpl(957773010<open>)] for JPA transaction
[2026-05-29 16:10:28] [main] DEBUG o.h.e.t.internal.TransactionImpl - On TransactionImpl creation, JpaCompliance#isJpaTransactionComplianceEnabled == false
[2026-05-29 16:10:28] [main] DEBUG o.h.e.t.internal.TransactionImpl - begin
[2026-05-29 16:10:28] [main] DEBUG o.s.orm.jpa.JpaTransactionManager - Exposing JPA transaction as JDBC [org.springframework.orm.jpa.vendor.HibernateJpaDialect$HibernateConnectionHandle@475d1ad7]
[2026-05-29 16:10:28] [main] DEBUG org.hibernate.orm.sql.ast.create - Created new SQL alias : a1_0
[2026-05-29 16:10:28] [main] DEBUG org.hibernate.orm.sql.ast.create - Registration of TableGroup [StandardTableGroup(com.bank.mortgage.domain.Application(21))] with identifierForTableGroup [com.bank.mortgage.domain.Application] for NavigablePath [com.bank.mortgage.domain.Application] 
[2026-05-29 16:10:28] [main] DEBUG org.hibernate.orm.sql.ast.create - Registration of TableGroup [org.hibernate.sql.ast.tree.from.LazyTableGroup@2275e86b] with identifierForTableGroup [com.bank.mortgage.domain.Application.applicant] for NavigablePath [com.bank.mortgage.domain.Application.applicant] 
[2026-05-29 16:10:28] [main] DEBUG org.hibernate.orm.results.graph.AST - DomainResult Graph:
 \-EntityResultImpl [com.bank.mortgage.domain.Application(21)]
 |  +-EntityDelayedFetchImpl [com.bank.mortgage.domain.Application(21).applicant]
 |  +-BasicFetch [com.bank.mortgage.domain.Application(21).createdAt]
 |  +-BasicFetch [com.bank.mortgage.domain.Application(21).income]
 |  +-BasicFetch [com.bank.mortgage.domain.Application(21).loanAmount]
 |  +-BasicFetch [com.bank.mortgage.domain.Application(21).nationalId]
 |  +-BasicFetch [com.bank.mortgage.domain.Application(21).status]
 |  +-BasicFetch [com.bank.mortgage.domain.Application(21).tenureMonths]
 |  +-BasicFetch [com.bank.mortgage.domain.Application(21).updatedAt]
 |  \-BasicFetch [com.bank.mortgage.domain.Application(21).version]

[2026-05-29 16:10:28] [main] DEBUG org.hibernate.orm.sql.ast.tree - SQL AST Tree:
    SelectStatement {
      FromClause {
        StandardTableGroup (a1 : com.bank.mortgage.domain.Application(21)) {
          primaryTableReference : applications as a1_0
          TableGroupJoins {
            left  join LazyTableGroup (a2 : com.bank.mortgage.domain.Application(21).applicant) {
            }
          }
        }
      }
    }

[2026-05-29 16:10:28] [main] DEBUG org.hibernate.orm.sql.exec - Skipping reading Query result cache data: cache-enabled = false, cache-mode = NORMAL
[2026-05-29 16:10:28] [main] DEBUG org.hibernate.orm.results - Initializer list:
	  com.bank.mortgage.domain.Application(21) -> EntityResultInitializer(com.bank.mortgage.domain.Application(21))@1207118351 (SingleTableEntityPersister(com.bank.mortgage.domain.Application))
	  com.bank.mortgage.domain.Application(21).applicant -> EntityDelayedFetchInitializer(com.bank.mortgage.domain.Application(21).applicant)@2049544179 (ToOneAttributeMapping(NavigableRole[com.bank.mortgage.domain.Application.applicant])@299441970)

[2026-05-29 16:10:28] [main] DEBUG org.hibernate.SQL - 
    select
        a1_0.id,
        a1_0.applicant_id,
        a1_0.created_at,
        a1_0.income,
        a1_0.loan_amount,
        a1_0.national_id,
        a1_0.status,
        a1_0.tenure_months,
        a1_0.updated_at,
        a1_0.version 
    from
        applications a1_0
Hibernate: 
    select
        a1_0.id,
        a1_0.applicant_id,
        a1_0.created_at,
        a1_0.income,
        a1_0.loan_amount,
        a1_0.national_id,
        a1_0.status,
        a1_0.tenure_months,
        a1_0.updated_at,
        a1_0.version 
    from
        applications a1_0
[2026-05-29 16:10:28] [main] DEBUG o.s.orm.jpa.JpaTransactionManager - Initiating transaction commit
[2026-05-29 16:10:28] [main] DEBUG o.s.orm.jpa.JpaTransactionManager - Committing JPA transaction on EntityManager [SessionImpl(957773010<open>)]
[2026-05-29 16:10:28] [main] DEBUG o.h.e.t.internal.TransactionImpl - committing
[2026-05-29 16:10:28] [main] DEBUG o.s.orm.jpa.JpaTransactionManager - Closing JPA EntityManager [SessionImpl(957773010<open>)] after transaction
[2026-05-29 16:10:28] [main] DEBUG o.s.orm.jpa.JpaTransactionManager - Creating new transaction with name [org.springframework.data.jpa.repository.support.SimpleJpaRepository.deleteAll]: PROPAGATION_REQUIRED,ISOLATION_DEFAULT
[2026-05-29 16:10:28] [main] DEBUG o.s.orm.jpa.JpaTransactionManager - Opened new EntityManager [SessionImpl(448889461<open>)] for JPA transaction
[2026-05-29 16:10:28] [main] DEBUG o.h.e.t.internal.TransactionImpl - On TransactionImpl creation, JpaCompliance#isJpaTransactionComplianceEnabled == false
[2026-05-29 16:10:28] [main] DEBUG o.h.e.t.internal.TransactionImpl - begin
[2026-05-29 16:10:28] [main] DEBUG o.s.orm.jpa.JpaTransactionManager - Exposing JPA transaction as JDBC [org.springframework.orm.jpa.vendor.HibernateJpaDialect$HibernateConnectionHandle@2ca1c0c9]
[2026-05-29 16:10:28] [main] DEBUG org.hibernate.orm.sql.ast.create - Created new SQL alias : u1_0
[2026-05-29 16:10:28] [main] DEBUG org.hibernate.orm.sql.ast.create - Registration of TableGroup [StandardTableGroup(com.bank.mortgage.domain.User(22))] with identifierForTableGroup [com.bank.mortgage.domain.User] for NavigablePath [com.bank.mortgage.domain.User] 
[2026-05-29 16:10:28] [main] DEBUG org.hibernate.orm.results.graph.AST - DomainResult Graph:
 \-EntityResultImpl [com.bank.mortgage.domain.User(22)]
 |  +-BasicFetch [com.bank.mortgage.domain.User(22).createdAt]
 |  +-BasicFetch [com.bank.mortgage.domain.User(22).email]
 |  +-BasicFetch [com.bank.mortgage.domain.User(22).fullName]
 |  +-BasicFetch [com.bank.mortgage.domain.User(22).nationalId]
 |  +-BasicFetch [com.bank.mortgage.domain.User(22).password]
 |  \-BasicFetch [com.bank.mortgage.domain.User(22).role]

[2026-05-29 16:10:28] [main] DEBUG org.hibernate.orm.sql.ast.tree - SQL AST Tree:
    SelectStatement {
      FromClause {
        StandardTableGroup (u1 : com.bank.mortgage.domain.User(22)) {
          primaryTableReference : users as u1_0
        }
      }
    }

[2026-05-29 16:10:28] [main] DEBUG org.hibernate.orm.sql.exec - Skipping reading Query result cache data: cache-enabled = false, cache-mode = NORMAL
[2026-05-29 16:10:28] [main] DEBUG org.hibernate.orm.results - Initializer list:
	  com.bank.mortgage.domain.User(22) -> EntityResultInitializer(com.bank.mortgage.domain.User(22))@107650502 (SingleTableEntityPersister(com.bank.mortgage.domain.User))

[2026-05-29 16:10:28] [main] DEBUG org.hibernate.SQL - 
    select
        u1_0.id,
        u1_0.created_at,
        u1_0.email,
        u1_0.full_name,
        u1_0.national_id,
        u1_0.password,
        u1_0.role 
    from
        users u1_0
Hibernate: 
    select
        u1_0.id,
        u1_0.created_at,
        u1_0.email,
        u1_0.full_name,
        u1_0.national_id,
        u1_0.password,
        u1_0.role 
    from
        users u1_0
[2026-05-29 16:10:28] [main] DEBUG org.hibernate.orm.results - Extracted JDBC value [0] - [dd23a36c-a776-409d-ab14-164b00c31e42]
[2026-05-29 16:10:28] [main] DEBUG o.h.orm.results.loading.entity - (EntityResultInitializer) Hydrated EntityKey (com.bank.mortgage.domain.User(22)): dd23a36c-a776-409d-ab14-164b00c31e42
[2026-05-29 16:10:28] [main] DEBUG o.h.orm.results.loading.entity - (EntityResultInitializer) Created new entity instance [com.bank.mortgage.domain.User(22)#dd23a36c-a776-409d-ab14-164b00c31e42] : 1450419757
[2026-05-29 16:10:28] [main] DEBUG org.hibernate.orm.results - Extracted JDBC value [1] - [2026-05-29T13:10:28.021704Z]
[2026-05-29 16:10:28] [main] DEBUG org.hibernate.orm.results - Extracted JDBC value [2] - [applicant@test.com]
[2026-05-29 16:10:28] [main] DEBUG org.hibernate.orm.results - Extracted JDBC value [3] - [Test Applicant]
[2026-05-29 16:10:28] [main] DEBUG org.hibernate.orm.results - Extracted JDBC value [4] - [null]
[2026-05-29 16:10:28] [main] DEBUG org.hibernate.orm.results - Extracted JDBC value [5] - [$2a$10$sVyBbRL9yCYU07wyvr.MqeimEiU0.KzFl8PGnXaivMyGZGdQMpYUC]
[2026-05-29 16:10:28] [main] DEBUG org.hibernate.orm.results - Extracted JDBC value [6] - [APPLICANT]
[2026-05-29 16:10:28] [main] DEBUG o.h.orm.results.loading.entity - (EntityResultInitializer) Done materializing entityInstance : com.bank.mortgage.domain.User(22)#dd23a36c-a776-409d-ab14-164b00c31e42
[2026-05-29 16:10:28] [main] DEBUG org.hibernate.orm.results.loading - Calling top-level assembler (0 / 1) : org.hibernate.sql.results.graph.entity.internal.EntityAssembler@4259588
[2026-05-29 16:10:28] [main] DEBUG org.hibernate.orm.results - Extracted JDBC value [0] - [6054dfdc-1d58-4a75-9890-738d2cabbb77]
[2026-05-29 16:10:28] [main] DEBUG o.h.orm.results.loading.entity - (EntityResultInitializer) Hydrated EntityKey (com.bank.mortgage.domain.User(22)): 6054dfdc-1d58-4a75-9890-738d2cabbb77
[2026-05-29 16:10:28] [main] DEBUG o.h.orm.results.loading.entity - (EntityResultInitializer) Created new entity instance [com.bank.mortgage.domain.User(22)#6054dfdc-1d58-4a75-9890-738d2cabbb77] : 1046162528
[2026-05-29 16:10:28] [main] DEBUG org.hibernate.orm.results - Extracted JDBC value [1] - [2026-05-29T13:10:28.120125Z]
[2026-05-29 16:10:28] [main] DEBUG org.hibernate.orm.results - Extracted JDBC value [2] - [officer@test.com]
[2026-05-29 16:10:28] [main] DEBUG org.hibernate.orm.results - Extracted JDBC value [3] - [Test Officer]
[2026-05-29 16:10:28] [main] DEBUG org.hibernate.orm.results - Extracted JDBC value [4] - [null]
[2026-05-29 16:10:28] [main] DEBUG org.hibernate.orm.results - Extracted JDBC value [5] - [$2a$10$xrWoY/CeNBkQZqESDoHCaOel98X9oDtq2s2Ytzt0qb2ymLQFVvXpq]
[2026-05-29 16:10:28] [main] DEBUG org.hibernate.orm.results - Extracted JDBC value [6] - [CREDIT_OFFICER]
[2026-05-29 16:10:28] [main] DEBUG o.h.orm.results.loading.entity - (EntityResultInitializer) Done materializing entityInstance : com.bank.mortgage.domain.User(22)#6054dfdc-1d58-4a75-9890-738d2cabbb77
[2026-05-29 16:10:28] [main] DEBUG org.hibernate.orm.results.loading - Calling top-level assembler (0 / 1) : org.hibernate.sql.results.graph.entity.internal.EntityAssembler@4259588
[2026-05-29 16:10:28] [main] DEBUG o.h.j.i.PersistenceUnitUtilImpl - jakarta.persistence.PersistenceUnitUtil.getIdentifier is only intended to work with enhanced entities (although Hibernate also adapts this support to its proxies); however the passed entity was not enhanced (nor a proxy).. may not be able to read identifier
[2026-05-29 16:10:28] [main] DEBUG o.h.j.i.PersistenceUnitUtilImpl - jakarta.persistence.PersistenceUnitUtil.getIdentifier is only intended to work with enhanced entities (although Hibernate also adapts this support to its proxies); however the passed entity was not enhanced (nor a proxy).. may not be able to read identifier
[2026-05-29 16:10:28] [main] DEBUG o.s.orm.jpa.JpaTransactionManager - Initiating transaction commit
[2026-05-29 16:10:28] [main] DEBUG o.s.orm.jpa.JpaTransactionManager - Committing JPA transaction on EntityManager [SessionImpl(448889461<open>)]
[2026-05-29 16:10:28] [main] DEBUG o.h.e.t.internal.TransactionImpl - committing
[2026-05-29 16:10:28] [main] DEBUG o.h.e.i.AbstractFlushingEventListener - Processing flush-time cascades
[2026-05-29 16:10:28] [main] DEBUG o.h.e.i.AbstractFlushingEventListener - Dirty checking collections
[2026-05-29 16:10:28] [main] DEBUG o.h.e.i.AbstractFlushingEventListener - Flushed: 0 insertions, 0 updates, 2 deletions to 2 objects
[2026-05-29 16:10:28] [main] DEBUG o.h.e.i.AbstractFlushingEventListener - Flushed: 0 (re)creations, 0 updates, 0 removals to 0 collections
[2026-05-29 16:10:28] [main] DEBUG o.h.internal.util.EntityPrinter - Listing entities:
[2026-05-29 16:10:28] [main] DEBUG o.h.internal.util.EntityPrinter - com.bank.mortgage.domain.User{createdAt=2026-05-29T13:10:28.021704Z, password=$2a$10$sVyBbRL9yCYU07wyvr.MqeimEiU0.KzFl8PGnXaivMyGZGdQMpYUC, role=APPLICANT, nationalId=null, fullName=Test Applicant, id=dd23a36c-a776-409d-ab14-164b00c31e42, email=applicant@test.com}
[2026-05-29 16:10:28] [main] DEBUG o.h.internal.util.EntityPrinter - com.bank.mortgage.domain.User{createdAt=2026-05-29T13:10:28.120125Z, password=$2a$10$xrWoY/CeNBkQZqESDoHCaOel98X9oDtq2s2Ytzt0qb2ymLQFVvXpq, role=CREDIT_OFFICER, nationalId=null, fullName=Test Officer, id=6054dfdc-1d58-4a75-9890-738d2cabbb77, email=officer@test.com}
[2026-05-29 16:10:28] [main] DEBUG org.hibernate.SQL - 
    delete 
    from
        users 
    where
        id=?
Hibernate: 
    delete 
    from
        users 
    where
        id=?
[2026-05-29 16:10:28] [main] DEBUG org.hibernate.SQL - 
    delete 
    from
        users 
    where
        id=?
Hibernate: 
    delete 
    from
        users 
    where
        id=?
[2026-05-29 16:10:28] [main] DEBUG org.hibernate.orm.jdbc.batch - PreparedStatementDetails did not contain PreparedStatement on #releaseStatements : delete from users where id=?
[2026-05-29 16:10:28] [main] DEBUG org.hibernate.orm.jdbc.batch - PreparedStatementDetails did not contain PreparedStatement on #releaseStatements : delete from users where id=?
[2026-05-29 16:10:28] [main] DEBUG o.s.orm.jpa.JpaTransactionManager - Closing JPA EntityManager [SessionImpl(448889461<open>)] after transaction
[2026-05-29 16:10:28] [main] DEBUG o.h.e.j.internal.JdbcCoordinatorImpl - HHH000420: Closing un-released batch
[2026-05-29 16:10:28] [main] DEBUG org.hibernate.orm.jdbc.batch - PreparedStatementDetails did not contain PreparedStatement on #releaseStatements : delete from users where id=?
[2026-05-29 16:10:28] [main] DEBUG org.hibernate.orm.jdbc.batch - PreparedStatementDetails did not contain PreparedStatement on #releaseStatements : delete from users where id=?
[2026-05-29 16:10:28] [main] DEBUG org.hibernate.orm.jdbc.batch - PreparedStatementDetails did not contain PreparedStatement on #releaseStatements : delete from users where id=?
[2026-05-29 16:10:28] [main] DEBUG o.s.orm.jpa.JpaTransactionManager - Creating new transaction with name [org.springframework.data.jpa.repository.support.SimpleJpaRepository.save]: PROPAGATION_REQUIRED,ISOLATION_DEFAULT
[2026-05-29 16:10:28] [main] DEBUG o.s.orm.jpa.JpaTransactionManager - Opened new EntityManager [SessionImpl(1907522291<open>)] for JPA transaction
[2026-05-29 16:10:28] [main] DEBUG o.h.e.t.internal.TransactionImpl - On TransactionImpl creation, JpaCompliance#isJpaTransactionComplianceEnabled == false
[2026-05-29 16:10:28] [main] DEBUG o.h.e.t.internal.TransactionImpl - begin
[2026-05-29 16:10:28] [main] DEBUG o.s.orm.jpa.JpaTransactionManager - Exposing JPA transaction as JDBC [org.springframework.orm.jpa.vendor.HibernateJpaDialect$HibernateConnectionHandle@59a9fe18]
[2026-05-29 16:10:28] [main] DEBUG o.h.j.i.PersistenceUnitUtilImpl - jakarta.persistence.PersistenceUnitUtil.getIdentifier is only intended to work with enhanced entities (although Hibernate also adapts this support to its proxies); however the passed entity was not enhanced (nor a proxy).. may not be able to read identifier
[2026-05-29 16:10:28] [main] DEBUG org.hibernate.orm.sql.exec - Skipping reading Query result cache data: cache-enabled = false, cache-mode = IGNORE
[2026-05-29 16:10:28] [main] DEBUG org.hibernate.orm.results - Initializer list:
	  com.bank.mortgage.domain.User -> EntityResultInitializer(com.bank.mortgage.domain.User)@1719182908 (SingleTableEntityPersister(com.bank.mortgage.domain.User))

[2026-05-29 16:10:28] [main] DEBUG org.hibernate.SQL - 
    select
        u1_0.id,
        u1_0.created_at,
        u1_0.email,
        u1_0.full_name,
        u1_0.national_id,
        u1_0.password,
        u1_0.role 
    from
        users u1_0 
    where
        u1_0.id=?
Hibernate: 
    select
        u1_0.id,
        u1_0.created_at,
        u1_0.email,
        u1_0.full_name,
        u1_0.national_id,
        u1_0.password,
        u1_0.role 
    from
        users u1_0 
    where
        u1_0.id=?
[2026-05-29 16:10:28] [main] DEBUG o.s.orm.jpa.JpaTransactionManager - Initiating transaction commit
[2026-05-29 16:10:28] [main] DEBUG o.s.orm.jpa.JpaTransactionManager - Committing JPA transaction on EntityManager [SessionImpl(1907522291<open>)]
[2026-05-29 16:10:28] [main] DEBUG o.h.e.t.internal.TransactionImpl - committing
[2026-05-29 16:10:28] [main] DEBUG o.h.e.i.AbstractFlushingEventListener - Processing flush-time cascades
[2026-05-29 16:10:28] [main] DEBUG o.h.e.i.AbstractFlushingEventListener - Dirty checking collections
[2026-05-29 16:10:28] [main] DEBUG o.h.e.i.AbstractFlushingEventListener - Flushed: 1 insertions, 0 updates, 0 deletions to 1 objects
[2026-05-29 16:10:28] [main] DEBUG o.h.e.i.AbstractFlushingEventListener - Flushed: 0 (re)creations, 0 updates, 0 removals to 0 collections
[2026-05-29 16:10:28] [main] DEBUG o.h.internal.util.EntityPrinter - Listing entities:
[2026-05-29 16:10:28] [main] DEBUG o.h.internal.util.EntityPrinter - com.bank.mortgage.domain.User{createdAt=2026-05-29T13:10:28.302257549Z, password=$2a$10$SfkC5NtQ/X9YdIimIQw0n.BB9G4XwtdyUXhskJfdjOl3B03MGZ.Me, role=APPLICANT, nationalId=null, fullName=Test Applicant, id=09743976-eb99-4b45-aa12-add9a6455529, email=applicant@test.com}
[2026-05-29 16:10:28] [main] DEBUG org.hibernate.SQL - 
    insert 
    into
        users
        (created_at, email, full_name, national_id, password, role, id) 
    values
        (?, ?, ?, ?, ?, ?, ?)
Hibernate: 
    insert 
    into
        users
        (created_at, email, full_name, national_id, password, role, id) 
    values
        (?, ?, ?, ?, ?, ?, ?)
[2026-05-29 16:10:28] [main] DEBUG org.hibernate.orm.jdbc.batch - PreparedStatementDetails did not contain PreparedStatement on #releaseStatements : insert into users (created_at,email,full_name,national_id,password,role,id) values (?,?,?,?,?,?,?)
[2026-05-29 16:10:28] [main] DEBUG org.hibernate.orm.jdbc.batch - PreparedStatementDetails did not contain PreparedStatement on #releaseStatements : insert into users (created_at,email,full_name,national_id,password,role,id) values (?,?,?,?,?,?,?)
[2026-05-29 16:10:28] [main] DEBUG o.s.orm.jpa.JpaTransactionManager - Closing JPA EntityManager [SessionImpl(1907522291<open>)] after transaction
[2026-05-29 16:10:28] [main] DEBUG o.h.e.j.internal.JdbcCoordinatorImpl - HHH000420: Closing un-released batch
[2026-05-29 16:10:28] [main] DEBUG org.hibernate.orm.jdbc.batch - PreparedStatementDetails did not contain PreparedStatement on #releaseStatements : insert into users (created_at,email,full_name,national_id,password,role,id) values (?,?,?,?,?,?,?)
[2026-05-29 16:10:28] [main] DEBUG org.hibernate.orm.jdbc.batch - PreparedStatementDetails did not contain PreparedStatement on #releaseStatements : insert into users (created_at,email,full_name,national_id,password,role,id) values (?,?,?,?,?,?,?)
[2026-05-29 16:10:28] [main] DEBUG org.hibernate.orm.jdbc.batch - PreparedStatementDetails did not contain PreparedStatement on #releaseStatements : insert into users (created_at,email,full_name,national_id,password,role,id) values (?,?,?,?,?,?,?)
[2026-05-29 16:10:28] [main] DEBUG o.s.orm.jpa.JpaTransactionManager - Creating new transaction with name [org.springframework.data.jpa.repository.support.SimpleJpaRepository.save]: PROPAGATION_REQUIRED,ISOLATION_DEFAULT
[2026-05-29 16:10:28] [main] DEBUG o.s.orm.jpa.JpaTransactionManager - Opened new EntityManager [SessionImpl(2020497195<open>)] for JPA transaction
[2026-05-29 16:10:28] [main] DEBUG o.h.e.t.internal.TransactionImpl - On TransactionImpl creation, JpaCompliance#isJpaTransactionComplianceEnabled == false
[2026-05-29 16:10:28] [main] DEBUG o.h.e.t.internal.TransactionImpl - begin
[2026-05-29 16:10:28] [main] DEBUG o.s.orm.jpa.JpaTransactionManager - Exposing JPA transaction as JDBC [org.springframework.orm.jpa.vendor.HibernateJpaDialect$HibernateConnectionHandle@4b9102de]
[2026-05-29 16:10:28] [main] DEBUG o.h.j.i.PersistenceUnitUtilImpl - jakarta.persistence.PersistenceUnitUtil.getIdentifier is only intended to work with enhanced entities (although Hibernate also adapts this support to its proxies); however the passed entity was not enhanced (nor a proxy).. may not be able to read identifier
[2026-05-29 16:10:28] [main] DEBUG org.hibernate.orm.sql.exec - Skipping reading Query result cache data: cache-enabled = false, cache-mode = IGNORE
[2026-05-29 16:10:28] [main] DEBUG org.hibernate.orm.results - Initializer list:
	  com.bank.mortgage.domain.User -> EntityResultInitializer(com.bank.mortgage.domain.User)@769681661 (SingleTableEntityPersister(com.bank.mortgage.domain.User))

[2026-05-29 16:10:28] [main] DEBUG org.hibernate.SQL - 
    select
        u1_0.id,
        u1_0.created_at,
        u1_0.email,
        u1_0.full_name,
        u1_0.national_id,
        u1_0.password,
        u1_0.role 
    from
        users u1_0 
    where
        u1_0.id=?
Hibernate: 
    select
        u1_0.id,
        u1_0.created_at,
        u1_0.email,
        u1_0.full_name,
        u1_0.national_id,
        u1_0.password,
        u1_0.role 
    from
        users u1_0 
    where
        u1_0.id=?
[2026-05-29 16:10:28] [main] DEBUG o.s.orm.jpa.JpaTransactionManager - Initiating transaction commit
[2026-05-29 16:10:28] [main] DEBUG o.s.orm.jpa.JpaTransactionManager - Committing JPA transaction on EntityManager [SessionImpl(2020497195<open>)]
[2026-05-29 16:10:28] [main] DEBUG o.h.e.t.internal.TransactionImpl - committing
[2026-05-29 16:10:28] [main] DEBUG o.h.e.i.AbstractFlushingEventListener - Processing flush-time cascades
[2026-05-29 16:10:28] [main] DEBUG o.h.e.i.AbstractFlushingEventListener - Dirty checking collections
[2026-05-29 16:10:28] [main] DEBUG o.h.e.i.AbstractFlushingEventListener - Flushed: 1 insertions, 0 updates, 0 deletions to 1 objects
[2026-05-29 16:10:28] [main] DEBUG o.h.e.i.AbstractFlushingEventListener - Flushed: 0 (re)creations, 0 updates, 0 removals to 0 collections
[2026-05-29 16:10:28] [main] DEBUG o.h.internal.util.EntityPrinter - Listing entities:
[2026-05-29 16:10:28] [main] DEBUG o.h.internal.util.EntityPrinter - com.bank.mortgage.domain.User{createdAt=2026-05-29T13:10:28.407094322Z, password=$2a$10$5xqX117QLj97zpWdNDhoSubK4W6V7l1tG9DlNitQDYMrL/3hR1L92, role=CREDIT_OFFICER, nationalId=null, fullName=Test Officer, id=273840df-5fdc-4362-9248-ffedbe7d4a5f, email=officer@test.com}
[2026-05-29 16:10:28] [main] DEBUG org.hibernate.SQL - 
    insert 
    into
        users
        (created_at, email, full_name, national_id, password, role, id) 
    values
        (?, ?, ?, ?, ?, ?, ?)
Hibernate: 
    insert 
    into
        users
        (created_at, email, full_name, national_id, password, role, id) 
    values
        (?, ?, ?, ?, ?, ?, ?)
[2026-05-29 16:10:28] [main] DEBUG org.hibernate.orm.jdbc.batch - PreparedStatementDetails did not contain PreparedStatement on #releaseStatements : insert into users (created_at,email,full_name,national_id,password,role,id) values (?,?,?,?,?,?,?)
[2026-05-29 16:10:28] [main] DEBUG org.hibernate.orm.jdbc.batch - PreparedStatementDetails did not contain PreparedStatement on #releaseStatements : insert into users (created_at,email,full_name,national_id,password,role,id) values (?,?,?,?,?,?,?)
[2026-05-29 16:10:28] [main] DEBUG o.s.orm.jpa.JpaTransactionManager - Closing JPA EntityManager [SessionImpl(2020497195<open>)] after transaction
[2026-05-29 16:10:28] [main] DEBUG o.h.e.j.internal.JdbcCoordinatorImpl - HHH000420: Closing un-released batch
[2026-05-29 16:10:28] [main] DEBUG org.hibernate.orm.jdbc.batch - PreparedStatementDetails did not contain PreparedStatement on #releaseStatements : insert into users (created_at,email,full_name,national_id,password,role,id) values (?,?,?,?,?,?,?)
[2026-05-29 16:10:28] [main] DEBUG org.hibernate.orm.jdbc.batch - PreparedStatementDetails did not contain PreparedStatement on #releaseStatements : insert into users (created_at,email,full_name,national_id,password,role,id) values (?,?,?,?,?,?,?)
[2026-05-29 16:10:28] [main] DEBUG org.hibernate.orm.jdbc.batch - PreparedStatementDetails did not contain PreparedStatement on #releaseStatements : insert into users (created_at,email,full_name,national_id,password,role,id) values (?,?,?,?,?,?,?)
[2026-05-29 16:10:28] [main] DEBUG o.springframework.test.context.cache - Spring test ApplicationContext cache statistics: [DefaultContextCache@2ff70947 size = 1, maxSize = 32, parentContextCount = 0, hitCount = 57, missCount = 1, failureCount = 0]
[2026-05-29 16:10:28] [main] DEBUG o.s.security.web.FilterChainProxy - Securing GET /api/v1/home
[2026-05-29 16:10:28] [main] DEBUG o.s.s.w.a.AnonymousAuthenticationFilter - Set SecurityContextHolder to anonymous SecurityContext
[2026-05-29 16:10:28] [main] DEBUG o.s.security.web.FilterChainProxy - Secured GET /api/v1/home
[2026-05-29 16:10:28] [main] DEBUG o.s.t.w.s.TestDispatcherServlet - GET "/api/v1/home", parameters={}
[2026-05-29 16:10:28] [main] DEBUG o.s.w.s.m.m.a.RequestMappingHandlerMapping - Mapped to com.bank.mortgage.controller.HomeController#home()
[2026-05-29 16:10:28] [main] DEBUG o.s.o.j.s.OpenEntityManagerInViewInterceptor - Opening JPA EntityManager in OpenEntityManagerInViewInterceptor
[2026-05-29 16:10:28] [main] DEBUG o.s.w.s.m.m.a.RequestResponseBodyMethodProcessor - Using 'application/json', given [*/*] and supported [application/json, application/*+json]
[2026-05-29 16:10:28] [main] DEBUG o.s.w.s.m.m.a.RequestResponseBodyMethodProcessor - Writing [{status=Running, documentation=Available at /swagger-ui.html, h2-console=Available at /h2-console, v (truncated)...]
[2026-05-29 16:10:28] [main] DEBUG o.s.o.j.s.OpenEntityManagerInViewInterceptor - Closing JPA EntityManager in OpenEntityManagerInViewInterceptor
[2026-05-29 16:10:28] [main] DEBUG o.s.t.w.s.TestDispatcherServlet - Completed 200 OK
[2026-05-29 16:10:28] [main] DEBUG c.j.j.internal.path.CompiledPath - Evaluating path: $['status']
[2026-05-29 16:10:28] [main] DEBUG c.j.j.internal.path.CompiledPath - Evaluating path: $['message']
[2026-05-29 16:10:28] [main] DEBUG o.springframework.test.context.cache - Spring test ApplicationContext cache statistics: [DefaultContextCache@2ff70947 size = 1, maxSize = 32, parentContextCount = 0, hitCount = 58, missCount = 1, failureCount = 0]
[2026-05-29 16:10:28] [main] DEBUG o.springframework.test.context.cache - Spring test ApplicationContext cache statistics: [DefaultContextCache@2ff70947 size = 1, maxSize = 32, parentContextCount = 0, hitCount = 59, missCount = 1, failureCount = 0]
[2026-05-29 16:10:28] [main] DEBUG o.springframework.test.context.cache - Spring test ApplicationContext cache statistics: [DefaultContextCache@2ff70947 size = 1, maxSize = 32, parentContextCount = 0, hitCount = 60, missCount = 1, failureCount = 0]
[2026-05-29 16:10:28] [main] DEBUG o.springframework.test.context.cache - Spring test ApplicationContext cache statistics: [DefaultContextCache@2ff70947 size = 1, maxSize = 32, parentContextCount = 0, hitCount = 61, missCount = 1, failureCount = 0]
[2026-05-29 16:10:28] [main] DEBUG o.springframework.test.context.cache - Spring test ApplicationContext cache statistics: [DefaultContextCache@2ff70947 size = 1, maxSize = 32, parentContextCount = 0, hitCount = 62, missCount = 1, failureCount = 0]
[2026-05-29 16:10:28] [main] DEBUG o.springframework.test.context.cache - Spring test ApplicationContext cache statistics: [DefaultContextCache@2ff70947 size = 1, maxSize = 32, parentContextCount = 0, hitCount = 63, missCount = 1, failureCount = 0]
[2026-05-29 16:10:28] [main] DEBUG o.springframework.test.context.cache - Spring test ApplicationContext cache statistics: [DefaultContextCache@2ff70947 size = 1, maxSize = 32, parentContextCount = 0, hitCount = 64, missCount = 1, failureCount = 0]
[2026-05-29 16:10:28] [main] DEBUG o.s.t.c.s.DirtiesContextTestExecutionListener - After test method: class [HomeEndpointTests], method [homeEndpointShouldBeAccessibleWithoutAuthentication], class annotated with @DirtiesContext [false] with mode [null], method annotated with @DirtiesContext [false] with mode [null]
[2026-05-29 16:10:28] [main] DEBUG o.s.t.c.w.ServletTestExecutionListener - Resetting RequestContextHolder for test class com.bank.mortgage.controller.ApplicationControllerIntegrationTest$HomeEndpointTests
]]></system-out>
  </testcase>
  <testcase name="nonExistentEndpointShouldReturnNotFound" classname="com.bank.mortgage.controller.ApplicationControllerIntegrationTest$HomeEndpointTests" time="0.299">
    <system-out><![CDATA[[2026-05-29 16:10:28] [main] DEBUG o.s.t.c.s.DependencyInjectionTestExecutionListener - Performing dependency injection for test class com.bank.mortgage.controller.ApplicationControllerIntegrationTest
[2026-05-29 16:10:28] [main] DEBUG o.springframework.test.context.cache - Spring test ApplicationContext cache statistics: [DefaultContextCache@2ff70947 size = 1, maxSize = 32, parentContextCount = 0, hitCount = 65, missCount = 1, failureCount = 0]
[2026-05-29 16:10:28] [main] DEBUG o.springframework.test.context.cache - Spring test ApplicationContext cache statistics: [DefaultContextCache@2ff70947 size = 1, maxSize = 32, parentContextCount = 0, hitCount = 66, missCount = 1, failureCount = 0]
[2026-05-29 16:10:28] [main] DEBUG o.springframework.test.context.cache - Spring test ApplicationContext cache statistics: [DefaultContextCache@2ff70947 size = 1, maxSize = 32, parentContextCount = 0, hitCount = 67, missCount = 1, failureCount = 0]
[2026-05-29 16:10:28] [main] DEBUG o.s.t.c.w.ServletTestExecutionListener - Setting up MockHttpServletRequest, MockHttpServletResponse, ServletWebRequest, and RequestContextHolder for test class com.bank.mortgage.controller.ApplicationControllerIntegrationTest$HomeEndpointTests
[2026-05-29 16:10:28] [main] DEBUG o.s.t.c.s.DependencyInjectionTestExecutionListener - Performing dependency injection for test class com.bank.mortgage.controller.ApplicationControllerIntegrationTest$HomeEndpointTests
[2026-05-29 16:10:28] [main] DEBUG o.springframework.test.context.cache - Spring test ApplicationContext cache statistics: [DefaultContextCache@2ff70947 size = 1, maxSize = 32, parentContextCount = 0, hitCount = 68, missCount = 1, failureCount = 0]
[2026-05-29 16:10:28] [main] DEBUG o.springframework.test.context.cache - Spring test ApplicationContext cache statistics: [DefaultContextCache@2ff70947 size = 1, maxSize = 32, parentContextCount = 0, hitCount = 69, missCount = 1, failureCount = 0]
[2026-05-29 16:10:28] [main] DEBUG o.s.t.c.s.DirtiesContextBeforeModesTestExecutionListener - Before test method: class [HomeEndpointTests], method [nonExistentEndpointShouldReturnNotFound], class annotated with @DirtiesContext [false] with mode [null], method annotated with @DirtiesContext [false] with mode [null]
[2026-05-29 16:10:28] [main] DEBUG o.springframework.test.context.cache - Spring test ApplicationContext cache statistics: [DefaultContextCache@2ff70947 size = 1, maxSize = 32, parentContextCount = 0, hitCount = 70, missCount = 1, failureCount = 0]
[2026-05-29 16:10:28] [main] DEBUG o.springframework.test.context.cache - Spring test ApplicationContext cache statistics: [DefaultContextCache@2ff70947 size = 1, maxSize = 32, parentContextCount = 0, hitCount = 71, missCount = 1, failureCount = 0]
[2026-05-29 16:10:28] [main] DEBUG o.s.orm.jpa.JpaTransactionManager - Creating new transaction with name [org.springframework.data.jpa.repository.support.SimpleJpaRepository.deleteAll]: PROPAGATION_REQUIRED,ISOLATION_DEFAULT
[2026-05-29 16:10:28] [main] DEBUG o.s.orm.jpa.JpaTransactionManager - Opened new EntityManager [SessionImpl(1442291478<open>)] for JPA transaction
[2026-05-29 16:10:28] [main] DEBUG o.h.e.t.internal.TransactionImpl - On TransactionImpl creation, JpaCompliance#isJpaTransactionComplianceEnabled == false
[2026-05-29 16:10:28] [main] DEBUG o.h.e.t.internal.TransactionImpl - begin
[2026-05-29 16:10:28] [main] DEBUG o.s.orm.jpa.JpaTransactionManager - Exposing JPA transaction as JDBC [org.springframework.orm.jpa.vendor.HibernateJpaDialect$HibernateConnectionHandle@51c69389]
[2026-05-29 16:10:28] [main] DEBUG org.hibernate.orm.sql.ast.create - Created new SQL alias : a1_0
[2026-05-29 16:10:28] [main] DEBUG org.hibernate.orm.sql.ast.create - Registration of TableGroup [StandardTableGroup(com.bank.mortgage.domain.Application(23))] with identifierForTableGroup [com.bank.mortgage.domain.Application] for NavigablePath [com.bank.mortgage.domain.Application] 
[2026-05-29 16:10:28] [main] DEBUG org.hibernate.orm.sql.ast.create - Registration of TableGroup [org.hibernate.sql.ast.tree.from.LazyTableGroup@770dd7a4] with identifierForTableGroup [com.bank.mortgage.domain.Application.applicant] for NavigablePath [com.bank.mortgage.domain.Application.applicant] 
[2026-05-29 16:10:28] [main] DEBUG org.hibernate.orm.results.graph.AST - DomainResult Graph:
 \-EntityResultImpl [com.bank.mortgage.domain.Application(23)]
 |  +-EntityDelayedFetchImpl [com.bank.mortgage.domain.Application(23).applicant]
 |  +-BasicFetch [com.bank.mortgage.domain.Application(23).createdAt]
 |  +-BasicFetch [com.bank.mortgage.domain.Application(23).income]
 |  +-BasicFetch [com.bank.mortgage.domain.Application(23).loanAmount]
 |  +-BasicFetch [com.bank.mortgage.domain.Application(23).nationalId]
 |  +-BasicFetch [com.bank.mortgage.domain.Application(23).status]
 |  +-BasicFetch [com.bank.mortgage.domain.Application(23).tenureMonths]
 |  +-BasicFetch [com.bank.mortgage.domain.Application(23).updatedAt]
 |  \-BasicFetch [com.bank.mortgage.domain.Application(23).version]

[2026-05-29 16:10:28] [main] DEBUG org.hibernate.orm.sql.ast.tree - SQL AST Tree:
    SelectStatement {
      FromClause {
        StandardTableGroup (a1 : com.bank.mortgage.domain.Application(23)) {
          primaryTableReference : applications as a1_0
          TableGroupJoins {
            left  join LazyTableGroup (a2 : com.bank.mortgage.domain.Application(23).applicant) {
            }
          }
        }
      }
    }

[2026-05-29 16:10:28] [main] DEBUG org.hibernate.orm.sql.exec - Skipping reading Query result cache data: cache-enabled = false, cache-mode = NORMAL
[2026-05-29 16:10:28] [main] DEBUG org.hibernate.orm.results - Initializer list:
	  com.bank.mortgage.domain.Application(23) -> EntityResultInitializer(com.bank.mortgage.domain.Application(23))@976007317 (SingleTableEntityPersister(com.bank.mortgage.domain.Application))
	  com.bank.mortgage.domain.Application(23).applicant -> EntityDelayedFetchInitializer(com.bank.mortgage.domain.Application(23).applicant)@795739850 (ToOneAttributeMapping(NavigableRole[com.bank.mortgage.domain.Application.applicant])@299441970)

[2026-05-29 16:10:28] [main] DEBUG org.hibernate.SQL - 
    select
        a1_0.id,
        a1_0.applicant_id,
        a1_0.created_at,
        a1_0.income,
        a1_0.loan_amount,
        a1_0.national_id,
        a1_0.status,
        a1_0.tenure_months,
        a1_0.updated_at,
        a1_0.version 
    from
        applications a1_0
Hibernate: 
    select
        a1_0.id,
        a1_0.applicant_id,
        a1_0.created_at,
        a1_0.income,
        a1_0.loan_amount,
        a1_0.national_id,
        a1_0.status,
        a1_0.tenure_months,
        a1_0.updated_at,
        a1_0.version 
    from
        applications a1_0
[2026-05-29 16:10:28] [main] DEBUG o.s.orm.jpa.JpaTransactionManager - Initiating transaction commit
[2026-05-29 16:10:28] [main] DEBUG o.s.orm.jpa.JpaTransactionManager - Committing JPA transaction on EntityManager [SessionImpl(1442291478<open>)]
[2026-05-29 16:10:28] [main] DEBUG o.h.e.t.internal.TransactionImpl - committing
[2026-05-29 16:10:28] [main] DEBUG o.s.orm.jpa.JpaTransactionManager - Closing JPA EntityManager [SessionImpl(1442291478<open>)] after transaction
[2026-05-29 16:10:28] [main] DEBUG o.s.orm.jpa.JpaTransactionManager - Creating new transaction with name [org.springframework.data.jpa.repository.support.SimpleJpaRepository.deleteAll]: PROPAGATION_REQUIRED,ISOLATION_DEFAULT
[2026-05-29 16:10:28] [main] DEBUG o.s.orm.jpa.JpaTransactionManager - Opened new EntityManager [SessionImpl(1701519711<open>)] for JPA transaction
[2026-05-29 16:10:28] [main] DEBUG o.h.e.t.internal.TransactionImpl - On TransactionImpl creation, JpaCompliance#isJpaTransactionComplianceEnabled == false
[2026-05-29 16:10:28] [main] DEBUG o.h.e.t.internal.TransactionImpl - begin
[2026-05-29 16:10:28] [main] DEBUG o.s.orm.jpa.JpaTransactionManager - Exposing JPA transaction as JDBC [org.springframework.orm.jpa.vendor.HibernateJpaDialect$HibernateConnectionHandle@3a6c336e]
[2026-05-29 16:10:28] [main] DEBUG org.hibernate.orm.sql.ast.create - Created new SQL alias : u1_0
[2026-05-29 16:10:28] [main] DEBUG org.hibernate.orm.sql.ast.create - Registration of TableGroup [StandardTableGroup(com.bank.mortgage.domain.User(24))] with identifierForTableGroup [com.bank.mortgage.domain.User] for NavigablePath [com.bank.mortgage.domain.User] 
[2026-05-29 16:10:28] [main] DEBUG org.hibernate.orm.results.graph.AST - DomainResult Graph:
 \-EntityResultImpl [com.bank.mortgage.domain.User(24)]
 |  +-BasicFetch [com.bank.mortgage.domain.User(24).createdAt]
 |  +-BasicFetch [com.bank.mortgage.domain.User(24).email]
 |  +-BasicFetch [com.bank.mortgage.domain.User(24).fullName]
 |  +-BasicFetch [com.bank.mortgage.domain.User(24).nationalId]
 |  +-BasicFetch [com.bank.mortgage.domain.User(24).password]
 |  \-BasicFetch [com.bank.mortgage.domain.User(24).role]

[2026-05-29 16:10:28] [main] DEBUG org.hibernate.orm.sql.ast.tree - SQL AST Tree:
    SelectStatement {
      FromClause {
        StandardTableGroup (u1 : com.bank.mortgage.domain.User(24)) {
          primaryTableReference : users as u1_0
        }
      }
    }

[2026-05-29 16:10:28] [main] DEBUG org.hibernate.orm.sql.exec - Skipping reading Query result cache data: cache-enabled = false, cache-mode = NORMAL
[2026-05-29 16:10:28] [main] DEBUG org.hibernate.orm.results - Initializer list:
	  com.bank.mortgage.domain.User(24) -> EntityResultInitializer(com.bank.mortgage.domain.User(24))@1999968326 (SingleTableEntityPersister(com.bank.mortgage.domain.User))

[2026-05-29 16:10:28] [main] DEBUG org.hibernate.SQL - 
    select
        u1_0.id,
        u1_0.created_at,
        u1_0.email,
        u1_0.full_name,
        u1_0.national_id,
        u1_0.password,
        u1_0.role 
    from
        users u1_0
Hibernate: 
    select
        u1_0.id,
        u1_0.created_at,
        u1_0.email,
        u1_0.full_name,
        u1_0.national_id,
        u1_0.password,
        u1_0.role 
    from
        users u1_0
[2026-05-29 16:10:28] [main] DEBUG org.hibernate.orm.results - Extracted JDBC value [0] - [09743976-eb99-4b45-aa12-add9a6455529]
[2026-05-29 16:10:28] [main] DEBUG o.h.orm.results.loading.entity - (EntityResultInitializer) Hydrated EntityKey (com.bank.mortgage.domain.User(24)): 09743976-eb99-4b45-aa12-add9a6455529
[2026-05-29 16:10:28] [main] DEBUG o.h.orm.results.loading.entity - (EntityResultInitializer) Created new entity instance [com.bank.mortgage.domain.User(24)#09743976-eb99-4b45-aa12-add9a6455529] : 1527184948
[2026-05-29 16:10:28] [main] DEBUG org.hibernate.orm.results - Extracted JDBC value [1] - [2026-05-29T13:10:28.302258Z]
[2026-05-29 16:10:28] [main] DEBUG org.hibernate.orm.results - Extracted JDBC value [2] - [applicant@test.com]
[2026-05-29 16:10:28] [main] DEBUG org.hibernate.orm.results - Extracted JDBC value [3] - [Test Applicant]
[2026-05-29 16:10:28] [main] DEBUG org.hibernate.orm.results - Extracted JDBC value [4] - [null]
[2026-05-29 16:10:28] [main] DEBUG org.hibernate.orm.results - Extracted JDBC value [5] - [$2a$10$SfkC5NtQ/X9YdIimIQw0n.BB9G4XwtdyUXhskJfdjOl3B03MGZ.Me]
[2026-05-29 16:10:28] [main] DEBUG org.hibernate.orm.results - Extracted JDBC value [6] - [APPLICANT]
[2026-05-29 16:10:28] [main] DEBUG o.h.orm.results.loading.entity - (EntityResultInitializer) Done materializing entityInstance : com.bank.mortgage.domain.User(24)#09743976-eb99-4b45-aa12-add9a6455529
[2026-05-29 16:10:28] [main] DEBUG org.hibernate.orm.results.loading - Calling top-level assembler (0 / 1) : org.hibernate.sql.results.graph.entity.internal.EntityAssembler@42e3a3a
[2026-05-29 16:10:28] [main] DEBUG org.hibernate.orm.results - Extracted JDBC value [0] - [273840df-5fdc-4362-9248-ffedbe7d4a5f]
[2026-05-29 16:10:28] [main] DEBUG o.h.orm.results.loading.entity - (EntityResultInitializer) Hydrated EntityKey (com.bank.mortgage.domain.User(24)): 273840df-5fdc-4362-9248-ffedbe7d4a5f
[2026-05-29 16:10:28] [main] DEBUG o.h.orm.results.loading.entity - (EntityResultInitializer) Created new entity instance [com.bank.mortgage.domain.User(24)#273840df-5fdc-4362-9248-ffedbe7d4a5f] : 1684602004
[2026-05-29 16:10:28] [main] DEBUG org.hibernate.orm.results - Extracted JDBC value [1] - [2026-05-29T13:10:28.407094Z]
[2026-05-29 16:10:28] [main] DEBUG org.hibernate.orm.results - Extracted JDBC value [2] - [officer@test.com]
[2026-05-29 16:10:28] [main] DEBUG org.hibernate.orm.results - Extracted JDBC value [3] - [Test Officer]
[2026-05-29 16:10:28] [main] DEBUG org.hibernate.orm.results - Extracted JDBC value [4] - [null]
[2026-05-29 16:10:28] [main] DEBUG org.hibernate.orm.results - Extracted JDBC value [5] - [$2a$10$5xqX117QLj97zpWdNDhoSubK4W6V7l1tG9DlNitQDYMrL/3hR1L92]
[2026-05-29 16:10:28] [main] DEBUG org.hibernate.orm.results - Extracted JDBC value [6] - [CREDIT_OFFICER]
[2026-05-29 16:10:28] [main] DEBUG o.h.orm.results.loading.entity - (EntityResultInitializer) Done materializing entityInstance : com.bank.mortgage.domain.User(24)#273840df-5fdc-4362-9248-ffedbe7d4a5f
[2026-05-29 16:10:28] [main] DEBUG org.hibernate.orm.results.loading - Calling top-level assembler (0 / 1) : org.hibernate.sql.results.graph.entity.internal.EntityAssembler@42e3a3a
[2026-05-29 16:10:28] [main] DEBUG o.h.j.i.PersistenceUnitUtilImpl - jakarta.persistence.PersistenceUnitUtil.getIdentifier is only intended to work with enhanced entities (although Hibernate also adapts this support to its proxies); however the passed entity was not enhanced (nor a proxy).. may not be able to read identifier
[2026-05-29 16:10:28] [main] DEBUG o.h.j.i.PersistenceUnitUtilImpl - jakarta.persistence.PersistenceUnitUtil.getIdentifier is only intended to work with enhanced entities (although Hibernate also adapts this support to its proxies); however the passed entity was not enhanced (nor a proxy).. may not be able to read identifier
[2026-05-29 16:10:28] [main] DEBUG o.s.orm.jpa.JpaTransactionManager - Initiating transaction commit
[2026-05-29 16:10:28] [main] DEBUG o.s.orm.jpa.JpaTransactionManager - Committing JPA transaction on EntityManager [SessionImpl(1701519711<open>)]
[2026-05-29 16:10:28] [main] DEBUG o.h.e.t.internal.TransactionImpl - committing
[2026-05-29 16:10:28] [main] DEBUG o.h.e.i.AbstractFlushingEventListener - Processing flush-time cascades
[2026-05-29 16:10:28] [main] DEBUG o.h.e.i.AbstractFlushingEventListener - Dirty checking collections
[2026-05-29 16:10:28] [main] DEBUG o.h.e.i.AbstractFlushingEventListener - Flushed: 0 insertions, 0 updates, 2 deletions to 2 objects
[2026-05-29 16:10:28] [main] DEBUG o.h.e.i.AbstractFlushingEventListener - Flushed: 0 (re)creations, 0 updates, 0 removals to 0 collections
[2026-05-29 16:10:28] [main] DEBUG o.h.internal.util.EntityPrinter - Listing entities:
[2026-05-29 16:10:28] [main] DEBUG o.h.internal.util.EntityPrinter - com.bank.mortgage.domain.User{createdAt=2026-05-29T13:10:28.302258Z, password=$2a$10$SfkC5NtQ/X9YdIimIQw0n.BB9G4XwtdyUXhskJfdjOl3B03MGZ.Me, role=APPLICANT, nationalId=null, fullName=Test Applicant, id=09743976-eb99-4b45-aa12-add9a6455529, email=applicant@test.com}
[2026-05-29 16:10:28] [main] DEBUG o.h.internal.util.EntityPrinter - com.bank.mortgage.domain.User{createdAt=2026-05-29T13:10:28.407094Z, password=$2a$10$5xqX117QLj97zpWdNDhoSubK4W6V7l1tG9DlNitQDYMrL/3hR1L92, role=CREDIT_OFFICER, nationalId=null, fullName=Test Officer, id=273840df-5fdc-4362-9248-ffedbe7d4a5f, email=officer@test.com}
[2026-05-29 16:10:28] [main] DEBUG org.hibernate.SQL - 
    delete 
    from
        users 
    where
        id=?
Hibernate: 
    delete 
    from
        users 
    where
        id=?
[2026-05-29 16:10:28] [main] DEBUG org.hibernate.SQL - 
    delete 
    from
        users 
    where
        id=?
Hibernate: 
    delete 
    from
        users 
    where
        id=?
[2026-05-29 16:10:28] [main] DEBUG org.hibernate.orm.jdbc.batch - PreparedStatementDetails did not contain PreparedStatement on #releaseStatements : delete from users where id=?
[2026-05-29 16:10:28] [main] DEBUG org.hibernate.orm.jdbc.batch - PreparedStatementDetails did not contain PreparedStatement on #releaseStatements : delete from users where id=?
[2026-05-29 16:10:28] [main] DEBUG o.s.orm.jpa.JpaTransactionManager - Closing JPA EntityManager [SessionImpl(1701519711<open>)] after transaction
[2026-05-29 16:10:28] [main] DEBUG o.h.e.j.internal.JdbcCoordinatorImpl - HHH000420: Closing un-released batch
[2026-05-29 16:10:28] [main] DEBUG org.hibernate.orm.jdbc.batch - PreparedStatementDetails did not contain PreparedStatement on #releaseStatements : delete from users where id=?
[2026-05-29 16:10:28] [main] DEBUG org.hibernate.orm.jdbc.batch - PreparedStatementDetails did not contain PreparedStatement on #releaseStatements : delete from users where id=?
[2026-05-29 16:10:28] [main] DEBUG org.hibernate.orm.jdbc.batch - PreparedStatementDetails did not contain PreparedStatement on #releaseStatements : delete from users where id=?
[2026-05-29 16:10:28] [main] DEBUG o.s.orm.jpa.JpaTransactionManager - Creating new transaction with name [org.springframework.data.jpa.repository.support.SimpleJpaRepository.save]: PROPAGATION_REQUIRED,ISOLATION_DEFAULT
[2026-05-29 16:10:28] [main] DEBUG o.s.orm.jpa.JpaTransactionManager - Opened new EntityManager [SessionImpl(1291168534<open>)] for JPA transaction
[2026-05-29 16:10:28] [main] DEBUG o.h.e.t.internal.TransactionImpl - On TransactionImpl creation, JpaCompliance#isJpaTransactionComplianceEnabled == false
[2026-05-29 16:10:28] [main] DEBUG o.h.e.t.internal.TransactionImpl - begin
[2026-05-29 16:10:28] [main] DEBUG o.s.orm.jpa.JpaTransactionManager - Exposing JPA transaction as JDBC [org.springframework.orm.jpa.vendor.HibernateJpaDialect$HibernateConnectionHandle@1802c350]
[2026-05-29 16:10:28] [main] DEBUG o.h.j.i.PersistenceUnitUtilImpl - jakarta.persistence.PersistenceUnitUtil.getIdentifier is only intended to work with enhanced entities (although Hibernate also adapts this support to its proxies); however the passed entity was not enhanced (nor a proxy).. may not be able to read identifier
[2026-05-29 16:10:28] [main] DEBUG org.hibernate.orm.sql.exec - Skipping reading Query result cache data: cache-enabled = false, cache-mode = IGNORE
[2026-05-29 16:10:28] [main] DEBUG org.hibernate.orm.results - Initializer list:
	  com.bank.mortgage.domain.User -> EntityResultInitializer(com.bank.mortgage.domain.User)@905776613 (SingleTableEntityPersister(com.bank.mortgage.domain.User))

[2026-05-29 16:10:28] [main] DEBUG org.hibernate.SQL - 
    select
        u1_0.id,
        u1_0.created_at,
        u1_0.email,
        u1_0.full_name,
        u1_0.national_id,
        u1_0.password,
        u1_0.role 
    from
        users u1_0 
    where
        u1_0.id=?
Hibernate: 
    select
        u1_0.id,
        u1_0.created_at,
        u1_0.email,
        u1_0.full_name,
        u1_0.national_id,
        u1_0.password,
        u1_0.role 
    from
        users u1_0 
    where
        u1_0.id=?
[2026-05-29 16:10:28] [main] DEBUG o.s.orm.jpa.JpaTransactionManager - Initiating transaction commit
[2026-05-29 16:10:28] [main] DEBUG o.s.orm.jpa.JpaTransactionManager - Committing JPA transaction on EntityManager [SessionImpl(1291168534<open>)]
[2026-05-29 16:10:28] [main] DEBUG o.h.e.t.internal.TransactionImpl - committing
[2026-05-29 16:10:28] [main] DEBUG o.h.e.i.AbstractFlushingEventListener - Processing flush-time cascades
[2026-05-29 16:10:28] [main] DEBUG o.h.e.i.AbstractFlushingEventListener - Dirty checking collections
[2026-05-29 16:10:28] [main] DEBUG o.h.e.i.AbstractFlushingEventListener - Flushed: 1 insertions, 0 updates, 0 deletions to 1 objects
[2026-05-29 16:10:28] [main] DEBUG o.h.e.i.AbstractFlushingEventListener - Flushed: 0 (re)creations, 0 updates, 0 removals to 0 collections
[2026-05-29 16:10:28] [main] DEBUG o.h.internal.util.EntityPrinter - Listing entities:
[2026-05-29 16:10:28] [main] DEBUG o.h.internal.util.EntityPrinter - com.bank.mortgage.domain.User{createdAt=2026-05-29T13:10:28.589103498Z, password=$2a$10$r/6uuqiFEgCVkwIWz1g9veSXBftfJTOmrcapbMFphIvxiD8RmGNbq, role=APPLICANT, nationalId=null, fullName=Test Applicant, id=d2ef40f7-d93b-43b3-b420-fe68649245ff, email=applicant@test.com}
[2026-05-29 16:10:28] [main] DEBUG org.hibernate.SQL - 
    insert 
    into
        users
        (created_at, email, full_name, national_id, password, role, id) 
    values
        (?, ?, ?, ?, ?, ?, ?)
Hibernate: 
    insert 
    into
        users
        (created_at, email, full_name, national_id, password, role, id) 
    values
        (?, ?, ?, ?, ?, ?, ?)
[2026-05-29 16:10:28] [main] DEBUG org.hibernate.orm.jdbc.batch - PreparedStatementDetails did not contain PreparedStatement on #releaseStatements : insert into users (created_at,email,full_name,national_id,password,role,id) values (?,?,?,?,?,?,?)
[2026-05-29 16:10:28] [main] DEBUG org.hibernate.orm.jdbc.batch - PreparedStatementDetails did not contain PreparedStatement on #releaseStatements : insert into users (created_at,email,full_name,national_id,password,role,id) values (?,?,?,?,?,?,?)
[2026-05-29 16:10:28] [main] DEBUG o.s.orm.jpa.JpaTransactionManager - Closing JPA EntityManager [SessionImpl(1291168534<open>)] after transaction
[2026-05-29 16:10:28] [main] DEBUG o.h.e.j.internal.JdbcCoordinatorImpl - HHH000420: Closing un-released batch
[2026-05-29 16:10:28] [main] DEBUG org.hibernate.orm.jdbc.batch - PreparedStatementDetails did not contain PreparedStatement on #releaseStatements : insert into users (created_at,email,full_name,national_id,password,role,id) values (?,?,?,?,?,?,?)
[2026-05-29 16:10:28] [main] DEBUG org.hibernate.orm.jdbc.batch - PreparedStatementDetails did not contain PreparedStatement on #releaseStatements : insert into users (created_at,email,full_name,national_id,password,role,id) values (?,?,?,?,?,?,?)
[2026-05-29 16:10:28] [main] DEBUG org.hibernate.orm.jdbc.batch - PreparedStatementDetails did not contain PreparedStatement on #releaseStatements : insert into users (created_at,email,full_name,national_id,password,role,id) values (?,?,?,?,?,?,?)
[2026-05-29 16:10:28] [main] DEBUG o.s.orm.jpa.JpaTransactionManager - Creating new transaction with name [org.springframework.data.jpa.repository.support.SimpleJpaRepository.save]: PROPAGATION_REQUIRED,ISOLATION_DEFAULT
[2026-05-29 16:10:28] [main] DEBUG o.s.orm.jpa.JpaTransactionManager - Opened new EntityManager [SessionImpl(2099269429<open>)] for JPA transaction
[2026-05-29 16:10:28] [main] DEBUG o.h.e.t.internal.TransactionImpl - On TransactionImpl creation, JpaCompliance#isJpaTransactionComplianceEnabled == false
[2026-05-29 16:10:28] [main] DEBUG o.h.e.t.internal.TransactionImpl - begin
[2026-05-29 16:10:28] [main] DEBUG o.s.orm.jpa.JpaTransactionManager - Exposing JPA transaction as JDBC [org.springframework.orm.jpa.vendor.HibernateJpaDialect$HibernateConnectionHandle@7b6c94e2]
[2026-05-29 16:10:28] [main] DEBUG o.h.j.i.PersistenceUnitUtilImpl - jakarta.persistence.PersistenceUnitUtil.getIdentifier is only intended to work with enhanced entities (although Hibernate also adapts this support to its proxies); however the passed entity was not enhanced (nor a proxy).. may not be able to read identifier
[2026-05-29 16:10:28] [main] DEBUG org.hibernate.orm.sql.exec - Skipping reading Query result cache data: cache-enabled = false, cache-mode = IGNORE
[2026-05-29 16:10:28] [main] DEBUG org.hibernate.orm.results - Initializer list:
	  com.bank.mortgage.domain.User -> EntityResultInitializer(com.bank.mortgage.domain.User)@1989170146 (SingleTableEntityPersister(com.bank.mortgage.domain.User))

[2026-05-29 16:10:28] [main] DEBUG org.hibernate.SQL - 
    select
        u1_0.id,
        u1_0.created_at,
        u1_0.email,
        u1_0.full_name,
        u1_0.national_id,
        u1_0.password,
        u1_0.role 
    from
        users u1_0 
    where
        u1_0.id=?
Hibernate: 
    select
        u1_0.id,
        u1_0.created_at,
        u1_0.email,
        u1_0.full_name,
        u1_0.national_id,
        u1_0.password,
        u1_0.role 
    from
        users u1_0 
    where
        u1_0.id=?
[2026-05-29 16:10:28] [main] DEBUG o.s.orm.jpa.JpaTransactionManager - Initiating transaction commit
[2026-05-29 16:10:28] [main] DEBUG o.s.orm.jpa.JpaTransactionManager - Committing JPA transaction on EntityManager [SessionImpl(2099269429<open>)]
[2026-05-29 16:10:28] [main] DEBUG o.h.e.t.internal.TransactionImpl - committing
[2026-05-29 16:10:28] [main] DEBUG o.h.e.i.AbstractFlushingEventListener - Processing flush-time cascades
[2026-05-29 16:10:28] [main] DEBUG o.h.e.i.AbstractFlushingEventListener - Dirty checking collections
[2026-05-29 16:10:28] [main] DEBUG o.h.e.i.AbstractFlushingEventListener - Flushed: 1 insertions, 0 updates, 0 deletions to 1 objects
[2026-05-29 16:10:28] [main] DEBUG o.h.e.i.AbstractFlushingEventListener - Flushed: 0 (re)creations, 0 updates, 0 removals to 0 collections
[2026-05-29 16:10:28] [main] DEBUG o.h.internal.util.EntityPrinter - Listing entities:
[2026-05-29 16:10:28] [main] DEBUG o.h.internal.util.EntityPrinter - com.bank.mortgage.domain.User{createdAt=2026-05-29T13:10:28.695430118Z, password=$2a$10$6hG1zRAW3TXFIM.1H5vpTeBCi9mm1c92WnV4f0LEcvzmhesEpbhci, role=CREDIT_OFFICER, nationalId=null, fullName=Test Officer, id=9afa9139-c089-47c7-889c-5b18249a35eb, email=officer@test.com}
[2026-05-29 16:10:28] [main] DEBUG org.hibernate.SQL - 
    insert 
    into
        users
        (created_at, email, full_name, national_id, password, role, id) 
    values
        (?, ?, ?, ?, ?, ?, ?)
Hibernate: 
    insert 
    into
        users
        (created_at, email, full_name, national_id, password, role, id) 
    values
        (?, ?, ?, ?, ?, ?, ?)
[2026-05-29 16:10:28] [main] DEBUG org.hibernate.orm.jdbc.batch - PreparedStatementDetails did not contain PreparedStatement on #releaseStatements : insert into users (created_at,email,full_name,national_id,password,role,id) values (?,?,?,?,?,?,?)
[2026-05-29 16:10:28] [main] DEBUG org.hibernate.orm.jdbc.batch - PreparedStatementDetails did not contain PreparedStatement on #releaseStatements : insert into users (created_at,email,full_name,national_id,password,role,id) values (?,?,?,?,?,?,?)
[2026-05-29 16:10:28] [main] DEBUG o.s.orm.jpa.JpaTransactionManager - Closing JPA EntityManager [SessionImpl(2099269429<open>)] after transaction
[2026-05-29 16:10:28] [main] DEBUG o.h.e.j.internal.JdbcCoordinatorImpl - HHH000420: Closing un-released batch
[2026-05-29 16:10:28] [main] DEBUG org.hibernate.orm.jdbc.batch - PreparedStatementDetails did not contain PreparedStatement on #releaseStatements : insert into users (created_at,email,full_name,national_id,password,role,id) values (?,?,?,?,?,?,?)
[2026-05-29 16:10:28] [main] DEBUG org.hibernate.orm.jdbc.batch - PreparedStatementDetails did not contain PreparedStatement on #releaseStatements : insert into users (created_at,email,full_name,national_id,password,role,id) values (?,?,?,?,?,?,?)
[2026-05-29 16:10:28] [main] DEBUG org.hibernate.orm.jdbc.batch - PreparedStatementDetails did not contain PreparedStatement on #releaseStatements : insert into users (created_at,email,full_name,national_id,password,role,id) values (?,?,?,?,?,?,?)
[2026-05-29 16:10:28] [main] DEBUG o.springframework.test.context.cache - Spring test ApplicationContext cache statistics: [DefaultContextCache@2ff70947 size = 1, maxSize = 32, parentContextCount = 0, hitCount = 72, missCount = 1, failureCount = 0]
[2026-05-29 16:10:28] [main] DEBUG o.s.test.util.ReflectionTestUtils - Invoking method 'getFilters' on target object [FilterChainProxy[Filter Chains: null]] or target class [null] with arguments {org.springframework.mock.web.MockHttpServletRequest@7c4ad4cc}
[2026-05-29 16:10:28] [main] DEBUG o.s.test.util.ReflectionTestUtils - Invoking method 'getFilters' on target object [FilterChainProxy[Filter Chains: null]] or target class [null] with arguments {org.springframework.mock.web.MockHttpServletRequest@7c4ad4cc}
[2026-05-29 16:10:28] [main] DEBUG o.s.test.util.ReflectionTestUtils - Getting field 'securityContextRepository' from target object [org.springframework.security.web.context.SecurityContextHolderFilter@3aa6a6d8] or target class [class org.springframework.security.web.context.SecurityContextHolderFilter]
[2026-05-29 16:10:28] [main] DEBUG o.s.security.web.FilterChainProxy - Securing GET /api/v1/unknown
[2026-05-29 16:10:28] [main] DEBUG o.s.security.web.FilterChainProxy - Secured GET /api/v1/unknown
[2026-05-29 16:10:28] [main] DEBUG o.s.t.w.s.TestDispatcherServlet - GET "/api/v1/unknown", parameters={}
[2026-05-29 16:10:28] [main] DEBUG o.s.w.s.h.SimpleUrlHandlerMapping - Mapped to ResourceHttpRequestHandler [classpath [META-INF/resources/], classpath [resources/], classpath [static/], classpath [public/], ServletContext [/]]
[2026-05-29 16:10:28] [main] DEBUG o.s.o.j.s.OpenEntityManagerInViewInterceptor - Opening JPA EntityManager in OpenEntityManagerInViewInterceptor
[2026-05-29 16:10:28] [main] DEBUG o.s.w.s.r.ResourceHttpRequestHandler - Resource not found
[2026-05-29 16:10:28] [main] DEBUG o.s.w.s.m.s.DefaultHandlerExceptionResolver - Resolved [org.springframework.web.servlet.resource.NoResourceFoundException: No static resource api/v1/unknown.]
[2026-05-29 16:10:28] [main] DEBUG o.s.o.j.s.OpenEntityManagerInViewInterceptor - Closing JPA EntityManager in OpenEntityManagerInViewInterceptor
[2026-05-29 16:10:28] [main] DEBUG o.s.t.w.s.TestDispatcherServlet - Completed 404 NOT_FOUND
[2026-05-29 16:10:28] [main] DEBUG o.springframework.test.context.cache - Spring test ApplicationContext cache statistics: [DefaultContextCache@2ff70947 size = 1, maxSize = 32, parentContextCount = 0, hitCount = 73, missCount = 1, failureCount = 0]
[2026-05-29 16:10:28] [main] DEBUG o.springframework.test.context.cache - Spring test ApplicationContext cache statistics: [DefaultContextCache@2ff70947 size = 1, maxSize = 32, parentContextCount = 0, hitCount = 74, missCount = 1, failureCount = 0]
[2026-05-29 16:10:28] [main] DEBUG o.springframework.test.context.cache - Spring test ApplicationContext cache statistics: [DefaultContextCache@2ff70947 size = 1, maxSize = 32, parentContextCount = 0, hitCount = 75, missCount = 1, failureCount = 0]
[2026-05-29 16:10:28] [main] DEBUG o.springframework.test.context.cache - Spring test ApplicationContext cache statistics: [DefaultContextCache@2ff70947 size = 1, maxSize = 32, parentContextCount = 0, hitCount = 76, missCount = 1, failureCount = 0]
[2026-05-29 16:10:28] [main] DEBUG o.springframework.test.context.cache - Spring test ApplicationContext cache statistics: [DefaultContextCache@2ff70947 size = 1, maxSize = 32, parentContextCount = 0, hitCount = 77, missCount = 1, failureCount = 0]
[2026-05-29 16:10:28] [main] DEBUG o.springframework.test.context.cache - Spring test ApplicationContext cache statistics: [DefaultContextCache@2ff70947 size = 1, maxSize = 32, parentContextCount = 0, hitCount = 78, missCount = 1, failureCount = 0]
[2026-05-29 16:10:28] [main] DEBUG o.springframework.test.context.cache - Spring test ApplicationContext cache statistics: [DefaultContextCache@2ff70947 size = 1, maxSize = 32, parentContextCount = 0, hitCount = 79, missCount = 1, failureCount = 0]
[2026-05-29 16:10:28] [main] DEBUG o.s.t.c.s.DirtiesContextTestExecutionListener - After test method: class [HomeEndpointTests], method [nonExistentEndpointShouldReturnNotFound], class annotated with @DirtiesContext [false] with mode [null], method annotated with @DirtiesContext [false] with mode [null]
[2026-05-29 16:10:28] [main] DEBUG o.s.t.c.w.ServletTestExecutionListener - Resetting RequestContextHolder for test class com.bank.mortgage.controller.ApplicationControllerIntegrationTest$HomeEndpointTests
]]></system-out>
  </testcase>
</testsuite>